This file contains any messages produced by compilers while
running configure, to aid debugging if configure makes a mistake.

It was created by wsnet-2.0 configure 0.7cvs, which was
generated by GNU Autoconf 2.68.  Invocation command line was

  $ ./configure 

## --------- ##
## Platform. ##
## --------- ##

hostname = MacBook-Pro-de-Chloe-Desdouits.local
uname -m = x86_64
uname -r = 11.2.0
uname -s = Darwin
uname -v = Darwin Kernel Version 11.2.0: Tue Aug  9 20:54:00 PDT 2011; root:xnu-1699.24.8~1/RELEASE_X86_64

/usr/bin/uname -p = i386
/bin/uname -X     = unknown

/bin/arch              = unknown
/usr/bin/arch -k       = unknown
/usr/convex/getsysinfo = unknown
/usr/bin/hostinfo      = Mach kernel version:
	 Darwin Kernel Version 11.2.0: Tue Aug  9 20:54:00 PDT 2011; root:xnu-1699.24.8~1/RELEASE_X86_64
Kernel configured for up to 2 processors.
2 processors are physically available.
2 processors are logically available.
Processor type: i486 (Intel 80486)
Processors active: 0 1
Primary memory available: 4.00 gigabytes
Default processor set: 86 tasks, 415 threads, 2 processors
Load average: 0.36, Mach factor: 1.62
/bin/machine           = unknown
/usr/bin/oslevel       = unknown
/bin/universe          = unknown

PATH: /opt/local/bin
PATH: /opt/local/sbin
PATH: /usr/bin
PATH: /bin
PATH: /usr/sbin
PATH: /sbin
PATH: /usr/local/bin
PATH: /opt/X11/bin
PATH: /usr/X11/bin
PATH: /opt/local/bin
PATH: /usr/local/git/bin
PATH: .
PATH: /usr/bin
PATH: /usr/local/bin
PATH: /usr/local/lib32bits/bin
PATH: /opt/local/bin
PATH: /usr/local/share/OpenSceneGraph/bin
PATH: /lib
PATH: /lib/osgPlugins
PATH: /usr/libexec/


## ----------- ##
## Core tests. ##
## ----------- ##

configure:2184: checking build system type
configure:2198: result: x86_64-apple-darwin11.2.0
configure:2218: checking host system type
configure:2231: result: x86_64-apple-darwin11.2.0
configure:2251: checking target system type
configure:2264: result: x86_64-apple-darwin11.2.0
configure:2306: checking for a BSD-compatible install
configure:2374: result: /usr/bin/install -c
configure:2385: checking whether build environment is sane
configure:2435: result: yes
configure:2576: checking for a thread-safe mkdir -p
configure:2615: result: ./install-sh -c -d
configure:2628: checking for gawk
configure:2658: result: no
configure:2628: checking for mawk
configure:2658: result: no
configure:2628: checking for nawk
configure:2658: result: no
configure:2628: checking for awk
configure:2644: found /usr/bin/awk
configure:2655: result: awk
configure:2666: checking whether make sets $(MAKE)
configure:2688: result: yes
configure:2789: checking for pkg-config
configure:2808: found /opt/local/bin/pkg-config
configure:2820: result: /opt/local/bin/pkg-config
configure:3009: checking how to print strings
configure:3036: result: printf
configure:3069: checking for style of include used by make
configure:3097: result: GNU
configure:3167: checking for gcc
configure:3183: found /usr/bin/gcc
configure:3194: result: gcc
configure:3423: checking for C compiler version
configure:3432: gcc --version >&5
i686-apple-darwin11-llvm-gcc-4.2 (GCC) 4.2.1 (Based on Apple Inc. build 5658) (LLVM build 2336.1.00)
Copyright (C) 2007 Free Software Foundation, Inc.
This is free software; see the source for copying conditions.  There is NO
warranty; not even for MERCHANTABILITY or FITNESS FOR A PARTICULAR PURPOSE.

configure:3443: $? = 0
configure:3432: gcc -v >&5
Using built-in specs.
Target: i686-apple-darwin11
Configured with: /private/var/tmp/llvmgcc42/llvmgcc42-2336.1~1/src/configure --disable-checking --enable-werror --prefix=/Developer/usr/llvm-gcc-4.2 --mandir=/share/man --enable-languages=c,objc,c++,obj-c++ --program-prefix=llvm- --program-transform-name=/^[cg][^.-]*$/s/$/-4.2/ --with-slibdir=/usr/lib --build=i686-apple-darwin11 --enable-llvm=/private/var/tmp/llvmgcc42/llvmgcc42-2336.1~1/dst-llvmCore/Developer/usr/local --program-prefix=i686-apple-darwin11- --host=x86_64-apple-darwin11 --target=i686-apple-darwin11 --with-gxx-include-dir=/usr/include/c++/4.2.1
Thread model: posix
gcc version 4.2.1 (Based on Apple Inc. build 5658) (LLVM build 2336.1.00)
configure:3443: $? = 0
configure:3432: gcc -V >&5
llvm-gcc-4.2: argument to `-V' is missing
configure:3443: $? = 1
configure:3432: gcc -qversion >&5
i686-apple-darwin11-llvm-gcc-4.2: no input files
configure:3443: $? = 1
configure:3463: checking whether the C compiler works
configure:3485: gcc -O2 -fno-strict-aliasing -Wall -Wextra -Wno-unused-parameter -Werror -DLIBDIR='"${exec_prefix}/lib"' -DDATADIR='"${datarootdir}"' -I/usr/local/lib32bits/include -I/opt/local/include -I/usr/local/lib32bits/includee -I/opt/local/include -L/usr/local/lib32bits/libe -L/opt/local/lib conftest.c  >&5
ld: warning: directory not found for option '-L/usr/local/lib32bits/libe'
configure:3489: $? = 0
configure:3537: result: yes
configure:3540: checking for C compiler default output file name
configure:3542: result: a.out
configure:3548: checking for suffix of executables
configure:3555: gcc -o conftest -O2 -fno-strict-aliasing -Wall -Wextra -Wno-unused-parameter -Werror -DLIBDIR='"${exec_prefix}/lib"' -DDATADIR='"${datarootdir}"' -I/usr/local/lib32bits/include -I/opt/local/include -I/usr/local/lib32bits/includee -I/opt/local/include -L/usr/local/lib32bits/libe -L/opt/local/lib conftest.c  >&5
ld: warning: directory not found for option '-L/usr/local/lib32bits/libe'
configure:3559: $? = 0
configure:3581: result: 
configure:3603: checking whether we are cross compiling
configure:3611: gcc -o conftest -O2 -fno-strict-aliasing -Wall -Wextra -Wno-unused-parameter -Werror -DLIBDIR='"${exec_prefix}/lib"' -DDATADIR='"${datarootdir}"' -I/usr/local/lib32bits/include -I/opt/local/include -I/usr/local/lib32bits/includee -I/opt/local/include -L/usr/local/lib32bits/libe -L/opt/local/lib conftest.c  >&5
ld: warning: directory not found for option '-L/usr/local/lib32bits/libe'
configure:3615: $? = 0
configure:3622: ./conftest
configure:3626: $? = 0
configure:3641: result: no
configure:3646: checking for suffix of object files
configure:3668: gcc -c -O2 -fno-strict-aliasing -Wall -Wextra -Wno-unused-parameter -Werror -DLIBDIR='"${exec_prefix}/lib"' -DDATADIR='"${datarootdir}"' -I/usr/local/lib32bits/include -I/opt/local/include -I/usr/local/lib32bits/includee -I/opt/local/include conftest.c >&5
configure:3672: $? = 0
configure:3693: result: o
configure:3697: checking whether we are using the GNU C compiler
configure:3716: gcc -c -O2 -fno-strict-aliasing -Wall -Wextra -Wno-unused-parameter -Werror -DLIBDIR='"${exec_prefix}/lib"' -DDATADIR='"${datarootdir}"' -I/usr/local/lib32bits/include -I/opt/local/include -I/usr/local/lib32bits/includee -I/opt/local/include conftest.c >&5
configure:3716: $? = 0
configure:3725: result: yes
configure:3734: checking whether gcc accepts -g
configure:3754: gcc -c -g -I/usr/local/lib32bits/includee -I/opt/local/include conftest.c >&5
configure:3754: $? = 0
configure:3795: result: yes
configure:3812: checking for gcc option to accept ISO C89
configure:3876: gcc  -c -O2 -fno-strict-aliasing -Wall -Wextra -Wno-unused-parameter -Werror -DLIBDIR='"${exec_prefix}/lib"' -DDATADIR='"${datarootdir}"' -I/usr/local/lib32bits/include -I/opt/local/include -I/usr/local/lib32bits/includee -I/opt/local/include conftest.c >&5
configure:3876: $? = 0
configure:3889: result: none needed
configure:3911: checking dependency style of gcc
configure:4021: result: gcc3
configure:4036: checking for a sed that does not truncate output
configure:4100: result: /usr/bin/sed
configure:4118: checking for grep that handles long lines and -e
configure:4176: result: /usr/bin/grep
configure:4181: checking for egrep
configure:4243: result: /usr/bin/grep -E
configure:4248: checking for fgrep
configure:4310: result: /usr/bin/grep -F
configure:4345: checking for ld used by gcc
configure:4412: result: /usr/llvm-gcc-4.2/libexec/gcc/i686-apple-darwin11/4.2.1/ld
configure:4419: checking if the linker (/usr/llvm-gcc-4.2/libexec/gcc/i686-apple-darwin11/4.2.1/ld) is GNU ld
configure:4434: result: no
configure:4446: checking for BSD- or MS-compatible name lister (nm)
configure:4495: result: /usr/bin/nm
configure:4625: checking the name lister (/usr/bin/nm) interface
configure:4632: gcc -c -O2 -fno-strict-aliasing -Wall -Wextra -Wno-unused-parameter -Werror -DLIBDIR='"${exec_prefix}/lib"' -DDATADIR='"${datarootdir}"' -I/usr/local/lib32bits/include -I/opt/local/include -I/usr/local/lib32bits/includee -I/opt/local/include conftest.c >&5
configure:4635: /usr/bin/nm "conftest.o"
configure:4638: output
0000000000000000 S _some_variable
configure:4645: result: BSD nm
configure:4648: checking whether ln -s works
configure:4652: result: yes
configure:4660: checking the maximum length of command line arguments
configure:4790: result: 196608
configure:4807: checking whether the shell understands some XSI constructs
configure:4817: result: yes
configure:4821: checking whether the shell understands "+="
configure:4827: result: yes
configure:4862: checking how to convert x86_64-apple-darwin11.2.0 file names to x86_64-apple-darwin11.2.0 format
configure:4902: result: func_convert_file_noop
configure:4909: checking how to convert x86_64-apple-darwin11.2.0 file names to toolchain format
configure:4929: result: func_convert_file_noop
configure:4936: checking for /usr/llvm-gcc-4.2/libexec/gcc/i686-apple-darwin11/4.2.1/ld option to reload object files
configure:4943: result: -r
configure:5017: checking for objdump
configure:5047: result: no
configure:5076: checking how to recognize dependent libraries
configure:5278: result: pass_all
configure:5363: checking for dlltool
configure:5393: result: no
configure:5423: checking how to associate runtime and link libraries
configure:5450: result: printf %s\n
configure:5511: checking for ar
configure:5527: found /usr/bin/ar
configure:5538: result: ar
configure:5575: checking for archiver @FILE support
configure:5592: gcc -c -O2 -fno-strict-aliasing -Wall -Wextra -Wno-unused-parameter -Werror -DLIBDIR='"${exec_prefix}/lib"' -DDATADIR='"${datarootdir}"' -I/usr/local/lib32bits/include -I/opt/local/include -I/usr/local/lib32bits/includee -I/opt/local/include conftest.c >&5
configure:5592: $? = 0
configure:5595: ar cru libconftest.a @conftest.lst >&5
ar: @conftest.lst: No such file or directory
configure:5598: $? = 1
configure:5618: result: no
configure:5676: checking for strip
configure:5692: found /usr/bin/strip
configure:5703: result: strip
configure:5775: checking for ranlib
configure:5791: found /usr/bin/ranlib
configure:5802: result: ranlib
configure:5904: checking command to parse /usr/bin/nm output from gcc object
configure:6024: gcc -c -O2 -fno-strict-aliasing -Wall -Wextra -Wno-unused-parameter -Werror -DLIBDIR='"${exec_prefix}/lib"' -DDATADIR='"${datarootdir}"' -I/usr/local/lib32bits/include -I/opt/local/include -I/usr/local/lib32bits/includee -I/opt/local/include conftest.c >&5
configure:6027: $? = 0
configure:6031: /usr/bin/nm conftest.o \| sed -n -e 's/^.*[ ]\([BCDEGRST][BCDEGRST]*\)[ ][ ]*\([_A-Za-z][_A-Za-z0-9]*\)$/\1 \2 \2/p' | sed '/ __gnu_lto/d' \> conftest.nm
configure:6034: $? = 0
cannot find nm_test_var in conftest.nm
configure:6024: gcc -c -O2 -fno-strict-aliasing -Wall -Wextra -Wno-unused-parameter -Werror -DLIBDIR='"${exec_prefix}/lib"' -DDATADIR='"${datarootdir}"' -I/usr/local/lib32bits/include -I/opt/local/include -I/usr/local/lib32bits/includee -I/opt/local/include conftest.c >&5
configure:6027: $? = 0
configure:6031: /usr/bin/nm conftest.o \| sed -n -e 's/^.*[ ]\([BCDEGRST][BCDEGRST]*\)[ ][ ]*_\([_A-Za-z][_A-Za-z0-9]*\)$/\1 _\2 \2/p' | sed '/ __gnu_lto/d' \> conftest.nm
configure:6034: $? = 0
configure:6100: gcc -o conftest -O2 -fno-strict-aliasing -Wall -Wextra -Wno-unused-parameter -Werror -DLIBDIR='"${exec_prefix}/lib"' -DDATADIR='"${datarootdir}"' -I/usr/local/lib32bits/include -I/opt/local/include -I/usr/local/lib32bits/includee -I/opt/local/include -L/usr/local/lib32bits/libe -L/opt/local/lib conftest.c conftstm.o >&5
ld: warning: directory not found for option '-L/usr/local/lib32bits/libe'
configure:6103: $? = 0
configure:6141: result: ok
configure:6178: checking for sysroot
configure:6208: result: no
configure:6464: checking for mt
configure:6494: result: no
configure:6514: checking if : is a manifest tool
configure:6520: : '-?'
configure:6528: result: no
configure:6584: checking for dsymutil
configure:6600: found /usr/bin/dsymutil
configure:6611: result: dsymutil
configure:6676: checking for nmedit
configure:6692: found /usr/bin/nmedit
configure:6703: result: nmedit
configure:6768: checking for lipo
configure:6784: found /usr/bin/lipo
configure:6795: result: lipo
configure:6860: checking for otool
configure:6876: found /usr/bin/otool
configure:6887: result: otool
configure:6952: checking for otool64
configure:6982: result: no
configure:7027: checking for -single_module linker flag
gcc -O2 -fno-strict-aliasing -Wall -Wextra -Wno-unused-parameter -Werror -DLIBDIR='"${exec_prefix}/lib"' -DDATADIR='"${datarootdir}"' -I/usr/local/lib32bits/include -I/opt/local/include -L/usr/local/lib32bits/libe -L/opt/local/lib -o libconftest.dylib -dynamiclib -Wl,-single_module conftest.c
configure:7060: result: yes
configure:7063: checking for -exported_symbols_list linker flag
configure:7083: gcc -o conftest -O2 -fno-strict-aliasing -Wall -Wextra -Wno-unused-parameter -Werror -DLIBDIR='"${exec_prefix}/lib"' -DDATADIR='"${datarootdir}"' -I/usr/local/lib32bits/include -I/opt/local/include -I/usr/local/lib32bits/includee -I/opt/local/include -L/usr/local/lib32bits/libe -L/opt/local/lib -Wl,-exported_symbols_list,conftest.sym conftest.c  >&5
ld: warning: directory not found for option '-L/usr/local/lib32bits/libe'
configure:7083: $? = 0
configure:7093: result: yes
configure:7096: checking for -force_load linker flag
gcc -O2 -fno-strict-aliasing -Wall -Wextra -Wno-unused-parameter -Werror -DLIBDIR='"${exec_prefix}/lib"' -DDATADIR='"${datarootdir}"' -I/usr/local/lib32bits/include -I/opt/local/include -c -o conftest.o conftest.c
ar cru libconftest.a conftest.o
ranlib libconftest.a
gcc -O2 -fno-strict-aliasing -Wall -Wextra -Wno-unused-parameter -Werror -DLIBDIR='"${exec_prefix}/lib"' -DDATADIR='"${datarootdir}"' -I/usr/local/lib32bits/include -I/opt/local/include -L/usr/local/lib32bits/libe -L/opt/local/lib -o conftest conftest.c -Wl,-force_load,./libconftest.a
configure:7128: result: yes
configure:7170: checking how to run the C preprocessor
configure:7201: gcc -E -I/usr/local/lib32bits/includee -I/opt/local/include conftest.c
configure:7201: $? = 0
configure:7215: gcc -E -I/usr/local/lib32bits/includee -I/opt/local/include conftest.c
conftest.c:11:28: error: ac_nonexistent.h: No such file or directory
configure:7215: $? = 1
configure: failed program was:
| /* confdefs.h */
| #define PACKAGE_NAME "wsnet-2.0"
| #define PACKAGE_TARNAME "wsnet-2-0"
| #define PACKAGE_VERSION "0.7cvs"
| #define PACKAGE_STRING "wsnet-2.0 0.7cvs"
| #define PACKAGE_BUGREPORT ""
| #define PACKAGE_URL ""
| #define PACKAGE "wsnet-2-0"
| #define VERSION "0.7cvs"
| /* end confdefs.h.  */
| #include <ac_nonexistent.h>
configure:7240: result: gcc -E
configure:7260: gcc -E -I/usr/local/lib32bits/includee -I/opt/local/include conftest.c
configure:7260: $? = 0
configure:7274: gcc -E -I/usr/local/lib32bits/includee -I/opt/local/include conftest.c
conftest.c:11:28: error: ac_nonexistent.h: No such file or directory
configure:7274: $? = 1
configure: failed program was:
| /* confdefs.h */
| #define PACKAGE_NAME "wsnet-2.0"
| #define PACKAGE_TARNAME "wsnet-2-0"
| #define PACKAGE_VERSION "0.7cvs"
| #define PACKAGE_STRING "wsnet-2.0 0.7cvs"
| #define PACKAGE_BUGREPORT ""
| #define PACKAGE_URL ""
| #define PACKAGE "wsnet-2-0"
| #define VERSION "0.7cvs"
| /* end confdefs.h.  */
| #include <ac_nonexistent.h>
configure:7303: checking for ANSI C header files
configure:7323: gcc -c -O2 -fno-strict-aliasing -Wall -Wextra -Wno-unused-parameter -Werror -DLIBDIR='"${exec_prefix}/lib"' -DDATADIR='"${datarootdir}"' -I/usr/local/lib32bits/include -I/opt/local/include -I/usr/local/lib32bits/includee -I/opt/local/include conftest.c >&5
configure:7323: $? = 0
configure:7396: gcc -o conftest -O2 -fno-strict-aliasing -Wall -Wextra -Wno-unused-parameter -Werror -DLIBDIR='"${exec_prefix}/lib"' -DDATADIR='"${datarootdir}"' -I/usr/local/lib32bits/include -I/opt/local/include -I/usr/local/lib32bits/includee -I/opt/local/include -L/usr/local/lib32bits/libe -L/opt/local/lib conftest.c  >&5
ld: warning: directory not found for option '-L/usr/local/lib32bits/libe'
configure:7396: $? = 0
configure:7396: ./conftest
configure:7396: $? = 0
configure:7407: result: yes
configure:7420: checking for sys/types.h
configure:7420: gcc -c -O2 -fno-strict-aliasing -Wall -Wextra -Wno-unused-parameter -Werror -DLIBDIR='"${exec_prefix}/lib"' -DDATADIR='"${datarootdir}"' -I/usr/local/lib32bits/include -I/opt/local/include -I/usr/local/lib32bits/includee -I/opt/local/include conftest.c >&5
configure:7420: $? = 0
configure:7420: result: yes
configure:7420: checking for sys/stat.h
configure:7420: gcc -c -O2 -fno-strict-aliasing -Wall -Wextra -Wno-unused-parameter -Werror -DLIBDIR='"${exec_prefix}/lib"' -DDATADIR='"${datarootdir}"' -I/usr/local/lib32bits/include -I/opt/local/include -I/usr/local/lib32bits/includee -I/opt/local/include conftest.c >&5
configure:7420: $? = 0
configure:7420: result: yes
configure:7420: checking for stdlib.h
configure:7420: gcc -c -O2 -fno-strict-aliasing -Wall -Wextra -Wno-unused-parameter -Werror -DLIBDIR='"${exec_prefix}/lib"' -DDATADIR='"${datarootdir}"' -I/usr/local/lib32bits/include -I/opt/local/include -I/usr/local/lib32bits/includee -I/opt/local/include conftest.c >&5
configure:7420: $? = 0
configure:7420: result: yes
configure:7420: checking for string.h
configure:7420: gcc -c -O2 -fno-strict-aliasing -Wall -Wextra -Wno-unused-parameter -Werror -DLIBDIR='"${exec_prefix}/lib"' -DDATADIR='"${datarootdir}"' -I/usr/local/lib32bits/include -I/opt/local/include -I/usr/local/lib32bits/includee -I/opt/local/include conftest.c >&5
configure:7420: $? = 0
configure:7420: result: yes
configure:7420: checking for memory.h
configure:7420: gcc -c -O2 -fno-strict-aliasing -Wall -Wextra -Wno-unused-parameter -Werror -DLIBDIR='"${exec_prefix}/lib"' -DDATADIR='"${datarootdir}"' -I/usr/local/lib32bits/include -I/opt/local/include -I/usr/local/lib32bits/includee -I/opt/local/include conftest.c >&5
configure:7420: $? = 0
configure:7420: result: yes
configure:7420: checking for strings.h
configure:7420: gcc -c -O2 -fno-strict-aliasing -Wall -Wextra -Wno-unused-parameter -Werror -DLIBDIR='"${exec_prefix}/lib"' -DDATADIR='"${datarootdir}"' -I/usr/local/lib32bits/include -I/opt/local/include -I/usr/local/lib32bits/includee -I/opt/local/include conftest.c >&5
configure:7420: $? = 0
configure:7420: result: yes
configure:7420: checking for inttypes.h
configure:7420: gcc -c -O2 -fno-strict-aliasing -Wall -Wextra -Wno-unused-parameter -Werror -DLIBDIR='"${exec_prefix}/lib"' -DDATADIR='"${datarootdir}"' -I/usr/local/lib32bits/include -I/opt/local/include -I/usr/local/lib32bits/includee -I/opt/local/include conftest.c >&5
configure:7420: $? = 0
configure:7420: result: yes
configure:7420: checking for stdint.h
configure:7420: gcc -c -O2 -fno-strict-aliasing -Wall -Wextra -Wno-unused-parameter -Werror -DLIBDIR='"${exec_prefix}/lib"' -DDATADIR='"${datarootdir}"' -I/usr/local/lib32bits/include -I/opt/local/include -I/usr/local/lib32bits/includee -I/opt/local/include conftest.c >&5
configure:7420: $? = 0
configure:7420: result: yes
configure:7420: checking for unistd.h
configure:7420: gcc -c -O2 -fno-strict-aliasing -Wall -Wextra -Wno-unused-parameter -Werror -DLIBDIR='"${exec_prefix}/lib"' -DDATADIR='"${datarootdir}"' -I/usr/local/lib32bits/include -I/opt/local/include -I/usr/local/lib32bits/includee -I/opt/local/include conftest.c >&5
configure:7420: $? = 0
configure:7420: result: yes
configure:7434: checking for dlfcn.h
configure:7434: gcc -c -O2 -fno-strict-aliasing -Wall -Wextra -Wno-unused-parameter -Werror -DLIBDIR='"${exec_prefix}/lib"' -DDATADIR='"${datarootdir}"' -I/usr/local/lib32bits/include -I/opt/local/include -I/usr/local/lib32bits/includee -I/opt/local/include conftest.c >&5
configure:7434: $? = 0
configure:7434: result: yes
configure:7638: checking for objdir
configure:7653: result: .libs
configure:7920: checking if gcc supports -fno-rtti -fno-exceptions
configure:7938: gcc -c -O2 -fno-strict-aliasing -Wall -Wextra -Wno-unused-parameter -Werror -DLIBDIR='"${exec_prefix}/lib"' -DDATADIR='"${datarootdir}"' -I/usr/local/lib32bits/include -I/opt/local/include -I/usr/local/lib32bits/includee -I/opt/local/include -fno-rtti -fno-exceptions conftest.c >&5
cc1: warnings being treated as errors
cc1: warning: command line option "-fno-rtti" is valid for C++/ObjC++ but not for C
configure:7942: $? = 1
configure:7955: result: no
configure:8282: checking for gcc option to produce PIC
configure:8289: result: -fno-common -DPIC
configure:8297: checking if gcc PIC flag -fno-common -DPIC works
configure:8315: gcc -c -O2 -fno-strict-aliasing -Wall -Wextra -Wno-unused-parameter -Werror -DLIBDIR='"${exec_prefix}/lib"' -DDATADIR='"${datarootdir}"' -I/usr/local/lib32bits/include -I/opt/local/include -I/usr/local/lib32bits/includee -I/opt/local/include -fno-common -DPIC -DPIC conftest.c >&5
configure:8319: $? = 0
configure:8332: result: yes
configure:8361: checking if gcc static flag -static works
configure:8389: result: no
configure:8404: checking if gcc supports -c -o file.o
configure:8425: gcc -c -O2 -fno-strict-aliasing -Wall -Wextra -Wno-unused-parameter -Werror -DLIBDIR='"${exec_prefix}/lib"' -DDATADIR='"${datarootdir}"' -I/usr/local/lib32bits/include -I/opt/local/include -I/usr/local/lib32bits/includee -I/opt/local/include -o out/conftest2.o conftest.c >&5
configure:8429: $? = 0
configure:8451: result: yes
configure:8459: checking if gcc supports -c -o file.o
configure:8506: result: yes
configure:8539: checking whether the gcc linker (/usr/llvm-gcc-4.2/libexec/gcc/i686-apple-darwin11/4.2.1/ld) supports shared libraries
configure:9692: result: yes
configure:9932: checking dynamic linker characteristics
configure:10665: result: darwin11.2.0 dyld
configure:10772: checking how to hardcode library paths into programs
configure:10797: result: immediate
configure:10842: checking for dlopen in -ldl
configure:10867: gcc -o conftest -O2 -fno-strict-aliasing -Wall -Wextra -Wno-unused-parameter -Werror -DLIBDIR='"${exec_prefix}/lib"' -DDATADIR='"${datarootdir}"' -I/usr/local/lib32bits/include -I/opt/local/include -I/usr/local/lib32bits/includee -I/opt/local/include -L/usr/local/lib32bits/libe -L/opt/local/lib conftest.c -ldl   >&5
ld: warning: directory not found for option '-L/usr/local/lib32bits/libe'
configure:10867: $? = 0
configure:10876: result: yes
configure:11091: checking whether a program can dlopen itself
configure:11171: gcc -o conftest -O2 -fno-strict-aliasing -Wall -Wextra -Wno-unused-parameter -Werror -DLIBDIR='"${exec_prefix}/lib"' -DDATADIR='"${datarootdir}"' -I/usr/local/lib32bits/include -I/opt/local/include -I/usr/local/lib32bits/includee -I/opt/local/include -DHAVE_DLFCN_H -L/usr/local/lib32bits/libe -L/opt/local/lib  conftest.c -ldl  >&5
ld: warning: directory not found for option '-L/usr/local/lib32bits/libe'
configure:11174: $? = 0
configure:11192: result: yes
configure:11197: checking whether a statically linked program can dlopen itself
configure:11277: gcc -o conftest -O2 -fno-strict-aliasing -Wall -Wextra -Wno-unused-parameter -Werror -DLIBDIR='"${exec_prefix}/lib"' -DDATADIR='"${datarootdir}"' -I/usr/local/lib32bits/include -I/opt/local/include -I/usr/local/lib32bits/includee -I/opt/local/include -DHAVE_DLFCN_H -L/usr/local/lib32bits/libe -L/opt/local/lib   conftest.c -ldl  >&5
ld: warning: directory not found for option '-L/usr/local/lib32bits/libe'
configure:11280: $? = 0
configure:11298: result: yes
configure:11337: checking whether stripping libraries is possible
configure:11351: result: yes
configure:11377: checking if libtool supports shared libraries
configure:11379: result: yes
configure:11382: checking whether to build shared libraries
configure:11403: result: yes
configure:11406: checking whether to build static libraries
configure:11410: result: yes
configure:11495: checking for gcc
configure:11522: result: gcc
configure:11751: checking for C compiler version
configure:11760: gcc --version >&5
i686-apple-darwin11-llvm-gcc-4.2 (GCC) 4.2.1 (Based on Apple Inc. build 5658) (LLVM build 2336.1.00)
Copyright (C) 2007 Free Software Foundation, Inc.
This is free software; see the source for copying conditions.  There is NO
warranty; not even for MERCHANTABILITY or FITNESS FOR A PARTICULAR PURPOSE.

configure:11771: $? = 0
configure:11760: gcc -v >&5
Using built-in specs.
Target: i686-apple-darwin11
Configured with: /private/var/tmp/llvmgcc42/llvmgcc42-2336.1~1/src/configure --disable-checking --enable-werror --prefix=/Developer/usr/llvm-gcc-4.2 --mandir=/share/man --enable-languages=c,objc,c++,obj-c++ --program-prefix=llvm- --program-transform-name=/^[cg][^.-]*$/s/$/-4.2/ --with-slibdir=/usr/lib --build=i686-apple-darwin11 --enable-llvm=/private/var/tmp/llvmgcc42/llvmgcc42-2336.1~1/dst-llvmCore/Developer/usr/local --program-prefix=i686-apple-darwin11- --host=x86_64-apple-darwin11 --target=i686-apple-darwin11 --with-gxx-include-dir=/usr/include/c++/4.2.1
Thread model: posix
gcc version 4.2.1 (Based on Apple Inc. build 5658) (LLVM build 2336.1.00)
configure:11771: $? = 0
configure:11760: gcc -V >&5
llvm-gcc-4.2: argument to `-V' is missing
configure:11771: $? = 1
configure:11760: gcc -qversion >&5
i686-apple-darwin11-llvm-gcc-4.2: no input files
configure:11771: $? = 1
configure:11775: checking whether we are using the GNU C compiler
configure:11803: result: yes
configure:11812: checking whether gcc accepts -g
configure:11873: result: yes
configure:11890: checking for gcc option to accept ISO C89
configure:11967: result: none needed
configure:11989: checking dependency style of gcc
configure:12099: result: gcc3
configure:12115: checking whether gcc and cc understand -c and -o together
configure:12146: gcc -c conftest.c -o conftest2.o >&5
configure:12150: $? = 0
configure:12156: gcc -c conftest.c -o conftest2.o >&5
configure:12160: $? = 0
configure:12171: cc -c conftest.c >&5
configure:12175: $? = 0
configure:12183: cc -c conftest.c -o conftest2.o >&5
configure:12187: $? = 0
configure:12193: cc -c conftest.c -o conftest2.o >&5
configure:12197: $? = 0
configure:12215: result: yes
configure:12290: checking for gcj
configure:12320: result: no
configure:12349: checking dependency style of gcj
configure:12457: result: none
configure:12581: checking dependency style of gcj
configure:12689: result: none
configure:12791: checking if gcj supports -fno-rtti -fno-exceptions
configure:12826: result: no
configure:13150: checking for gcj option to produce PIC
configure:13157: result: -fno-common
configure:13165: checking if gcj PIC flag -fno-common works
configure:13183: gcj -c -g -O2 -I/usr/local/lib32bits/includee -I/opt/local/include -fno-common conftest.java >&5
./configure: line 13184: gcj: command not found
configure:13187: $? = 127
configure:13200: result: no
configure:13223: checking if gcj static flag -static works
configure:13251: result: no
configure:13263: checking if gcj supports -c -o file.o
configure:13284: gcj -c -g -O2 -I/usr/local/lib32bits/includee -I/opt/local/include -o out/conftest2.o conftest.java >&5
./configure: line 13285: gcj: command not found
configure:13288: $? = 127
configure:13310: result: no
configure:13315: checking if gcj supports -c -o file.o
configure:13362: result: no
configure:13392: checking whether the gcj linker (/usr/llvm-gcc-4.2/libexec/gcc/i686-apple-darwin11/4.2.1/ld) supports shared libraries
configure:14506: result: yes
configure:14647: checking how to hardcode library paths into programs
configure:14672: result: immediate
configure:14849: creating ./config.status

## ---------------------- ##
## Running config.status. ##
## ---------------------- ##

This file was extended by wsnet-2.0 config.status 0.7cvs, which was
generated by GNU Autoconf 2.68.  Invocation command line was

  CONFIG_FILES    = 
  CONFIG_HEADERS  = 
  CONFIG_LINKS    = 
  CONFIG_COMMANDS = 
  $ ./config.status 

on MacBook-Pro-de-Chloe-Desdouits.local

config.status:1205: creating include/Makefile
config.status:1205: creating libraries/mem_fs/malloc/Makefile
config.status:1205: creating libraries/mem_fs/prealloc/Makefile
config.status:1205: creating libraries/mem_fs/Makefile
config.status:1205: creating libraries/das/list/Makefile
config.status:1205: creating libraries/das/Makefile
config.status:1205: creating libraries/sodas/list/Makefile
config.status:1205: creating libraries/sodas/heap/Makefile
config.status:1205: creating libraries/sodas/Makefile
config.status:1205: creating libraries/timer/Makefile
config.status:1205: creating libraries/hadas/hash/Makefile
config.status:1205: creating libraries/hadas/Makefile
config.status:1205: creating libraries/spadas/dbtree/Makefile
config.status:1205: creating libraries/spadas/flat/Makefile
config.status:1205: creating libraries/spadas/grid/Makefile
config.status:1205: creating libraries/spadas/Makefile
config.status:1205: creating libraries/worldsens/Makefile
config.status:1205: creating libraries/Makefile
config.status:1205: creating models/propagation/Makefile
config.status:1205: creating models/interferences/Makefile
config.status:1205: creating models/modulation/Makefile
config.status:1205: creating models/environment/Makefile
config.status:1205: creating models/monitor/Makefile
config.status:1205: creating models/application/data_d/lbdd/Makefile
config.status:1205: creating models/application/data_d/xy/Makefile
config.status:1205: creating models/application/data_d/ght/Makefile
config.status:1205: creating models/application/data_d/gossip/Makefile
config.status:1205: creating models/application/data_d/Makefile
config.status:1205: creating models/application/Makefile
config.status:1205: creating models/routing/Makefile
config.status:1205: creating models/mac/Makefile
config.status:1205: creating models/radio/Makefile
config.status:1205: creating models/antenna/Makefile
config.status:1205: creating models/mobility/Makefile
config.status:1205: creating models/energy/Makefile
config.status:1205: creating models/noise/Makefile
config.status:1205: creating models/Makefile
config.status:1205: creating src/scheduler/local/Makefile
config.status:1205: creating src/scheduler/distant/Makefile
config.status:1205: creating src/scheduler/Makefile
config.status:1205: creating src/Makefile
config.status:1205: creating utils/topogen/Makefile
config.status:1205: creating utils/replay/Makefile
config.status:1205: creating utils/matlab_functions/maps/Makefile
config.status:1205: creating utils/matlab_functions/Makefile
config.status:1205: creating utils/gnuplot_functions/activenodes/Makefile
config.status:1205: creating utils/gnuplot_functions/Makefile
config.status:1205: creating utils/scripts/Makefile
config.status:1205: creating utils/Makefile
config.status:1205: creating demo/Makefile
config.status:1205: creating doc/module_dev/Makefile
config.status:1205: creating doc/Makefile
config.status:1205: creating Makefile
config.status:1205: creating config.h
config.status:1386: config.h is unchanged
config.status:1434: executing depfiles commands
config.status:1434: executing libtool commands

## ---------------- ##
## Cache variables. ##
## ---------------- ##

ac_cv_build=x86_64-apple-darwin11.2.0
ac_cv_c_compiler_gnu=yes
ac_cv_env_CC_set=
ac_cv_env_CC_value=
ac_cv_env_CFLAGS_set=set
ac_cv_env_CFLAGS_value='-I/usr/local/lib32bits/include -I/opt/local/include'
ac_cv_env_CPPFLAGS_set=set
ac_cv_env_CPPFLAGS_value='-I/usr/local/lib32bits/includee -I/opt/local/include'
ac_cv_env_CPP_set=
ac_cv_env_CPP_value=
ac_cv_env_GLIB_FLAGS_set=
ac_cv_env_GLIB_FLAGS_value=
ac_cv_env_GLIB_LIBS_set=
ac_cv_env_GLIB_LIBS_value=
ac_cv_env_GSL_FLAGS_set=
ac_cv_env_GSL_FLAGS_value=
ac_cv_env_GSL_LIBS_set=
ac_cv_env_GSL_LIBS_value=
ac_cv_env_LDFLAGS_set=set
ac_cv_env_LDFLAGS_value='-L/usr/local/lib32bits/libe -L/opt/local/lib'
ac_cv_env_LIBS_set=
ac_cv_env_LIBS_value=
ac_cv_env_PKG_CONFIG_DIR_set=
ac_cv_env_PKG_CONFIG_DIR_value=
ac_cv_env_XML_FLAGS_set=
ac_cv_env_XML_FLAGS_value=
ac_cv_env_XML_LIBS_set=
ac_cv_env_XML_LIBS_value=
ac_cv_env_build_alias_set=
ac_cv_env_build_alias_value=
ac_cv_env_host_alias_set=
ac_cv_env_host_alias_value=
ac_cv_env_target_alias_set=
ac_cv_env_target_alias_value=
ac_cv_header_dlfcn_h=yes
ac_cv_header_inttypes_h=yes
ac_cv_header_memory_h=yes
ac_cv_header_stdc=yes
ac_cv_header_stdint_h=yes
ac_cv_header_stdlib_h=yes
ac_cv_header_string_h=yes
ac_cv_header_strings_h=yes
ac_cv_header_sys_stat_h=yes
ac_cv_header_sys_types_h=yes
ac_cv_header_unistd_h=yes
ac_cv_host=x86_64-apple-darwin11.2.0
ac_cv_lib_dl_dlopen=yes
ac_cv_objext=o
ac_cv_path_EGREP='/usr/bin/grep -E'
ac_cv_path_FGREP='/usr/bin/grep -F'
ac_cv_path_GREP=/usr/bin/grep
ac_cv_path_PKG_CONFIG=/opt/local/bin/pkg-config
ac_cv_path_SED=/usr/bin/sed
ac_cv_path_install='/usr/bin/install -c'
ac_cv_prog_AWK=awk
ac_cv_prog_CPP='gcc -E'
ac_cv_prog_ac_ct_AR=ar
ac_cv_prog_ac_ct_CC=gcc
ac_cv_prog_ac_ct_DSYMUTIL=dsymutil
ac_cv_prog_ac_ct_LIPO=lipo
ac_cv_prog_ac_ct_NMEDIT=nmedit
ac_cv_prog_ac_ct_OTOOL=otool
ac_cv_prog_ac_ct_RANLIB=ranlib
ac_cv_prog_ac_ct_STRIP=strip
ac_cv_prog_cc_c89=
ac_cv_prog_cc_g=yes
ac_cv_prog_cc_gcc_c_o=yes
ac_cv_prog_make_make_set=yes
ac_cv_target=x86_64-apple-darwin11.2.0
am_cv_CC_dependencies_compiler_type=gcc3
am_cv_GCJ_dependencies_compiler_type=none
lt_cv_apple_cc_single_mod=yes
lt_cv_ar_at_file=no
lt_cv_deplibs_check_method=pass_all
lt_cv_dlopen=dlopen
lt_cv_dlopen_libs=-ldl
lt_cv_dlopen_self=yes
lt_cv_dlopen_self_static=yes
lt_cv_file_magic_cmd='$MAGIC_CMD'
lt_cv_file_magic_test_file=
lt_cv_ld_exported_symbols_list=yes
lt_cv_ld_force_load=yes
lt_cv_ld_reload_flag=-r
lt_cv_nm_interface='BSD nm'
lt_cv_objdir=.libs
lt_cv_path_LD=/usr/llvm-gcc-4.2/libexec/gcc/i686-apple-darwin11/4.2.1/ld
lt_cv_path_NM=/usr/bin/nm
lt_cv_path_mainfest_tool=no
lt_cv_prog_compiler_c_o=yes
lt_cv_prog_compiler_c_o_GCJ=no
lt_cv_prog_compiler_pic='-fno-common -DPIC'
lt_cv_prog_compiler_pic_GCJ=-fno-common
lt_cv_prog_compiler_pic_works=yes
lt_cv_prog_compiler_pic_works_GCJ=no
lt_cv_prog_compiler_rtti_exceptions=no
lt_cv_prog_compiler_static_works=no
lt_cv_prog_compiler_static_works_GCJ=no
lt_cv_prog_gnu_ld=no
lt_cv_sharedlib_from_linklib_cmd='printf %s\n'
lt_cv_sys_global_symbol_pipe='sed -n -e '\''s/^.*[	 ]\([BCDEGRST][BCDEGRST]*\)[	 ][	 ]*_\([_A-Za-z][_A-Za-z0-9]*\)$/\1 _\2 \2/p'\'' | sed '\''/ __gnu_lto/d'\'''
lt_cv_sys_global_symbol_to_c_name_address='sed -n -e '\''s/^: \([^ ]*\)[ ]*$/  {\"\1\", (void *) 0},/p'\'' -e '\''s/^[BCDEGRST]* \([^ ]*\) \([^ ]*\)$/  {"\2", (void *) \&\2},/p'\'''
lt_cv_sys_global_symbol_to_c_name_address_lib_prefix='sed -n -e '\''s/^: \([^ ]*\)[ ]*$/  {\"\1\", (void *) 0},/p'\'' -e '\''s/^[BCDEGRST]* \([^ ]*\) \(lib[^ ]*\)$/  {"\2", (void *) \&\2},/p'\'' -e '\''s/^[BCDEGRST]* \([^ ]*\) \([^ ]*\)$/  {"lib\2", (void *) \&\2},/p'\'''
lt_cv_sys_global_symbol_to_cdecl='sed -n -e '\''s/^T .* \(.*\)$/extern int \1();/p'\'' -e '\''s/^[BCDEGRST]* .* \(.*\)$/extern char \1;/p'\'''
lt_cv_sys_max_cmd_len=196608
lt_cv_to_host_file_cmd=func_convert_file_noop
lt_cv_to_tool_file_cmd=func_convert_file_noop

## ----------------- ##
## Output variables. ##
## ----------------- ##

ACLOCAL='${SHELL} /Users/Clo/Desktop/WSNET/wsnet/missing --run aclocal-1.11'
AMDEPBACKSLASH='\'
AMDEP_FALSE='#'
AMDEP_TRUE=''
AMTAR='${SHELL} /Users/Clo/Desktop/WSNET/wsnet/missing --run tar'
AR='ar'
AUTOCONF='${SHELL} /Users/Clo/Desktop/WSNET/wsnet/missing --run autoconf'
AUTOHEADER='${SHELL} /Users/Clo/Desktop/WSNET/wsnet/missing --run autoheader'
AUTOMAKE='${SHELL} /Users/Clo/Desktop/WSNET/wsnet/missing --run automake-1.11'
AWK='awk'
CC='gcc'
CCDEPMODE='depmode=gcc3'
CFLAGS='-O2 -fno-strict-aliasing -Wall -Wextra -Wno-unused-parameter -Werror -DLIBDIR='\''"${exec_prefix}/lib"'\'' -DDATADIR='\''"${datarootdir}"'\'' -I/usr/local/lib32bits/include -I/opt/local/include'
CPP='gcc -E'
CPPFLAGS='-I/usr/local/lib32bits/includee -I/opt/local/include'
CYGPATH_W='echo'
DAS='list'
DEFS='-DHAVE_CONFIG_H'
DEPDIR='.deps'
DLLTOOL='false'
DSYMUTIL='dsymutil'
DUMPBIN=''
ECHO_C='\c'
ECHO_N=''
ECHO_T=''
EGREP='/usr/bin/grep -E'
EXEEXT=''
FGREP='/usr/bin/grep -F'
GCJ='gcj'
GCJDEPMODE='depmode=none'
GCJFLAGS='-g -O2'
GLIB_FLAGS='-I/usr/local/include/glib-2.0 -I/usr/local/lib/glib-2.0/include  '
GLIB_LIBS='-L/usr/local/lib -lgmodule-2.0 -lglib-2.0 -lintl  '
GREP='/usr/bin/grep'
GSL_FLAGS='-I/usr/local/include  '
GSL_LIBS='-L/usr/local/lib -lgsl -lgslcblas -lm  '
HADAS='hash'
INSTALL_DATA='${INSTALL} -m 644'
INSTALL_PROGRAM='${INSTALL}'
INSTALL_SCRIPT='${INSTALL}'
INSTALL_STRIP_PROGRAM='$(install_sh) -c -s'
LD='/usr/llvm-gcc-4.2/libexec/gcc/i686-apple-darwin11/4.2.1/ld'
LDFLAGS='-L/usr/local/lib32bits/libe -L/opt/local/lib'
LIBOBJS=''
LIBS=''
LIBTOOL='$(SHELL) $(top_builddir)/libtool'
LIPO='lipo'
LN_S='ln -s'
LTLIBOBJS=''
MAKEINFO='${SHELL} /Users/Clo/Desktop/WSNET/wsnet/missing --run makeinfo'
MANIFEST_TOOL=':'
MEM_FS='prealloc'
MKDIR_P='./install-sh -c -d'
NM='/usr/bin/nm'
NMEDIT='nmedit'
OBJDUMP='false'
OBJEXT='o'
OTOOL64=':'
OTOOL='otool'
PACKAGE='wsnet-2-0'
PACKAGE_BUGREPORT=''
PACKAGE_NAME='wsnet-2.0'
PACKAGE_STRING='wsnet-2.0 0.7cvs'
PACKAGE_TARNAME='wsnet-2-0'
PACKAGE_URL=''
PACKAGE_VERSION='0.7cvs'
PATH_SEPARATOR=':'
PKG_CONFIG='/opt/local/bin/pkg-config'
PKG_CONFIG_DIR=''
RANLIB='ranlib'
SCHEDULER='distant'
SED='/usr/bin/sed'
SET_MAKE=''
SHELL='/bin/sh'
SODAS='heap'
SPADAS='grid'
STRIP='strip'
VERSION='0.7cvs'
XML_FLAGS='-I/usr/include/libxml2  '
XML_LIBS='-lxml2  '
ac_ct_AR='ar'
ac_ct_CC='gcc'
ac_ct_DUMPBIN=''
ac_ct_GCJ=''
am__EXEEXT_FALSE=''
am__EXEEXT_TRUE='#'
am__fastdepCC_FALSE='#'
am__fastdepCC_TRUE=''
am__fastdepGCJ_FALSE=''
am__fastdepGCJ_TRUE='#'
am__include='include'
am__isrc=''
am__leading_dot='.'
am__quote=''
am__tar='${AMTAR} chof - "$$tardir"'
am__untar='${AMTAR} xf -'
bindir='${exec_prefix}/bin'
build='x86_64-apple-darwin11.2.0'
build_alias=''
build_cpu='x86_64'
build_os='darwin11.2.0'
build_vendor='apple'
datadir='${datarootdir}'
datarootdir='${prefix}/share'
docdir='${datarootdir}/doc/${PACKAGE_TARNAME}'
dvidir='${docdir}'
exec_prefix='${prefix}'
host='x86_64-apple-darwin11.2.0'
host_alias=''
host_cpu='x86_64'
host_os='darwin11.2.0'
host_vendor='apple'
htmldir='${docdir}'
includedir='${prefix}/include'
infodir='${datarootdir}/info'
install_sh='${SHELL} /Users/Clo/Desktop/WSNET/wsnet/install-sh'
libdir='${exec_prefix}/lib'
libexecdir='${exec_prefix}/libexec'
localedir='${datarootdir}/locale'
localstatedir='${prefix}/var'
mandir='${datarootdir}/man'
mkdir_p='$(top_builddir)/./install-sh -c -d'
oldincludedir='/usr/include'
pdfdir='${docdir}'
prefix='/usr/local/wsnet-2.0'
program_transform_name='s,x,x,'
psdir='${docdir}'
sbindir='${exec_prefix}/sbin'
sharedstatedir='${prefix}/com'
sysconfdir='${prefix}/etc'
target='x86_64-apple-darwin11.2.0'
target_alias=''
target_cpu='x86_64'
target_os='darwin11.2.0'
target_vendor='apple'

## ----------- ##
## confdefs.h. ##
## ----------- ##

/* confdefs.h */
#define PACKAGE_NAME "wsnet-2.0"
#define PACKAGE_TARNAME "wsnet-2-0"
#define PACKAGE_VERSION "0.7cvs"
#define PACKAGE_STRING "wsnet-2.0 0.7cvs"
#define PACKAGE_BUGREPORT ""
#define PACKAGE_URL ""
#define PACKAGE "wsnet-2-0"
#define VERSION "0.7cvs"
#define STDC_HEADERS 1
#define HAVE_SYS_TYPES_H 1
#define HAVE_SYS_STAT_H 1
#define HAVE_STDLIB_H 1
#define HAVE_STRING_H 1
#define HAVE_MEMORY_H 1
#define HAVE_STRINGS_H 1
#define HAVE_INTTYPES_H 1
#define HAVE_STDINT_H 1
#define HAVE_UNISTD_H 1
#define HAVE_DLFCN_H 1
#define LT_OBJDIR ".libs/"

configure: exit 0
