This file contains any messages produced by compilers while
running configure, to aid debugging if configure makes a mistake.

It was created by wsnet configure 0.7cvs, which was
generated by GNU Autoconf 2.68.  Invocation command line was

  $ ./configure --prefix=/home/bibouh/wsnet-module --with-wsnet-dir=/usr/local/wsnet-2.0

## --------- ##
## Platform. ##
## --------- ##

hostname = ubuntu
uname -m = x86_64
uname -r = 3.0.0-12-generic
uname -s = Linux
uname -v = #20-Ubuntu SMP Fri Oct 7 14:56:25 UTC 2011

/usr/bin/uname -p = unknown
/bin/uname -X     = unknown

/bin/arch              = unknown
/usr/bin/arch -k       = unknown
/usr/convex/getsysinfo = unknown
/usr/bin/hostinfo      = unknown
/bin/machine           = unknown
/usr/bin/oslevel       = unknown
/bin/universe          = unknown

PATH: /usr/lib/lightdm/lightdm
PATH: /usr/local/sbin
PATH: /usr/local/bin
PATH: /usr/sbin
PATH: /usr/bin
PATH: /sbin
PATH: /bin
PATH: /usr/games
PATH: /usr/local/wsnet-2.0/bin


## ----------- ##
## Core tests. ##
## ----------- ##

configure:2143: checking build system type
configure:2157: result: x86_64-unknown-linux-gnu
configure:2177: checking host system type
configure:2190: result: x86_64-unknown-linux-gnu
configure:2210: checking target system type
configure:2223: result: x86_64-unknown-linux-gnu
configure:2265: checking for a BSD-compatible install
configure:2333: result: /usr/bin/install -c
configure:2344: checking whether build environment is sane
configure:2394: result: yes
configure:2535: checking for a thread-safe mkdir -p
configure:2574: result: /bin/mkdir -p
configure:2587: checking for gawk
configure:2603: found /usr/bin/gawk
configure:2614: result: gawk
configure:2625: checking whether make sets $(MAKE)
configure:2647: result: yes
configure:2803: checking how to print strings
configure:2830: result: printf
configure:2863: checking for style of include used by make
configure:2891: result: GNU
configure:2961: checking for gcc
configure:2977: found /usr/bin/gcc
configure:2988: result: gcc
configure:3217: checking for C compiler version
configure:3226: gcc --version >&5
gcc (Ubuntu/Linaro 4.6.1-9ubuntu3) 4.6.1
Copyright (C) 2011 Free Software Foundation, Inc.
This is free software; see the source for copying conditions.  There is NO
warranty; not even for MERCHANTABILITY or FITNESS FOR A PARTICULAR PURPOSE.

configure:3237: $? = 0
configure:3226: gcc -v >&5
Using built-in specs.
COLLECT_GCC=gcc
COLLECT_LTO_WRAPPER=/usr/lib/gcc/x86_64-linux-gnu/4.6.1/lto-wrapper
Target: x86_64-linux-gnu
Configured with: ../src/configure -v --with-pkgversion='Ubuntu/Linaro 4.6.1-9ubuntu3' --with-bugurl=file:///usr/share/doc/gcc-4.6/README.Bugs --enable-languages=c,c++,fortran,objc,obj-c++,go --prefix=/usr --program-suffix=-4.6 --enable-shared --enable-linker-build-id --with-system-zlib --libexecdir=/usr/lib --without-included-gettext --enable-threads=posix --with-gxx-include-dir=/usr/include/c++/4.6 --libdir=/usr/lib --enable-nls --with-sysroot=/ --enable-clocale=gnu --enable-libstdcxx-debug --enable-libstdcxx-time=yes --enable-plugin --enable-objc-gc --disable-werror --with-arch-32=i686 --with-tune=generic --enable-checking=release --build=x86_64-linux-gnu --host=x86_64-linux-gnu --target=x86_64-linux-gnu
Thread model: posix
gcc version 4.6.1 (Ubuntu/Linaro 4.6.1-9ubuntu3) 
configure:3237: $? = 0
configure:3226: gcc -V >&5
gcc: error: unrecognized option '-V'
gcc: fatal error: no input files
compilation terminated.
configure:3237: $? = 4
configure:3226: gcc -qversion >&5
gcc: error: unrecognized option '-qversion'
gcc: fatal error: no input files
compilation terminated.
configure:3237: $? = 4
configure:3257: checking whether the C compiler works
configure:3279: gcc -O2 -I/usr/local/wsnet-2.0    conftest.c  >&5
configure:3283: $? = 0
configure:3331: result: yes
configure:3334: checking for C compiler default output file name
configure:3336: result: a.out
configure:3342: checking for suffix of executables
configure:3349: gcc -o conftest -O2 -I/usr/local/wsnet-2.0    conftest.c  >&5
configure:3353: $? = 0
configure:3375: result: 
configure:3397: checking whether we are cross compiling
configure:3405: gcc -o conftest -O2 -I/usr/local/wsnet-2.0    conftest.c  >&5
configure:3409: $? = 0
configure:3416: ./conftest
configure:3420: $? = 0
configure:3435: result: no
configure:3440: checking for suffix of object files
configure:3462: gcc -c -O2 -I/usr/local/wsnet-2.0   conftest.c >&5
configure:3466: $? = 0
configure:3487: result: o
configure:3491: checking whether we are using the GNU C compiler
configure:3510: gcc -c -O2 -I/usr/local/wsnet-2.0   conftest.c >&5
configure:3510: $? = 0
configure:3519: result: yes
configure:3528: checking whether gcc accepts -g
configure:3548: gcc -c -g  conftest.c >&5
configure:3548: $? = 0
configure:3589: result: yes
configure:3606: checking for gcc option to accept ISO C89
configure:3670: gcc  -c -O2 -I/usr/local/wsnet-2.0   conftest.c >&5
configure:3670: $? = 0
configure:3683: result: none needed
configure:3705: checking dependency style of gcc
configure:3815: result: gcc3
configure:3830: checking for a sed that does not truncate output
configure:3894: result: /bin/sed
configure:3912: checking for grep that handles long lines and -e
configure:3970: result: /bin/grep
configure:3975: checking for egrep
configure:4037: result: /bin/grep -E
configure:4042: checking for fgrep
configure:4104: result: /bin/grep -F
configure:4139: checking for ld used by gcc
configure:4206: result: /usr/bin/ld
configure:4213: checking if the linker (/usr/bin/ld) is GNU ld
configure:4228: result: yes
configure:4240: checking for BSD- or MS-compatible name lister (nm)
configure:4289: result: /usr/bin/nm -B
configure:4419: checking the name lister (/usr/bin/nm -B) interface
configure:4426: gcc -c -O2 -I/usr/local/wsnet-2.0   conftest.c >&5
configure:4429: /usr/bin/nm -B "conftest.o"
configure:4432: output
0000000000000000 B some_variable
configure:4439: result: BSD nm
configure:4442: checking whether ln -s works
configure:4446: result: yes
configure:4454: checking the maximum length of command line arguments
configure:4579: result: 1572864
configure:4596: checking whether the shell understands some XSI constructs
configure:4606: result: yes
configure:4610: checking whether the shell understands "+="
configure:4616: result: yes
configure:4651: checking how to convert x86_64-unknown-linux-gnu file names to x86_64-unknown-linux-gnu format
configure:4691: result: func_convert_file_noop
configure:4698: checking how to convert x86_64-unknown-linux-gnu file names to toolchain format
configure:4718: result: func_convert_file_noop
configure:4725: checking for /usr/bin/ld option to reload object files
configure:4732: result: -r
configure:4806: checking for objdump
configure:4822: found /usr/bin/objdump
configure:4833: result: objdump
configure:4865: checking how to recognize dependent libraries
configure:5067: result: pass_all
configure:5152: checking for dlltool
configure:5182: result: no
configure:5212: checking how to associate runtime and link libraries
configure:5239: result: printf %s\n
configure:5300: checking for ar
configure:5316: found /usr/bin/ar
configure:5327: result: ar
configure:5364: checking for archiver @FILE support
configure:5381: gcc -c -O2 -I/usr/local/wsnet-2.0   conftest.c >&5
configure:5381: $? = 0
configure:5384: ar cru libconftest.a @conftest.lst >&5
configure:5387: $? = 0
configure:5392: ar cru libconftest.a @conftest.lst >&5
ar: conftest.o: No such file or directory
configure:5395: $? = 1
configure:5407: result: @
configure:5465: checking for strip
configure:5481: found /usr/bin/strip
configure:5492: result: strip
configure:5564: checking for ranlib
configure:5580: found /usr/bin/ranlib
configure:5591: result: ranlib
configure:5693: checking command to parse /usr/bin/nm -B output from gcc object
configure:5812: gcc -c -O2 -I/usr/local/wsnet-2.0   conftest.c >&5
configure:5815: $? = 0
configure:5819: /usr/bin/nm -B conftest.o \| sed -n -e 's/^.*[ ]\([ABCDGIRSTW][ABCDGIRSTW]*\)[ ][ ]*\([_A-Za-z][_A-Za-z0-9]*\)$/\1 \2 \2/p' | sed '/ __gnu_lto/d' \> conftest.nm
configure:5822: $? = 0
configure:5888: gcc -o conftest -O2 -I/usr/local/wsnet-2.0    conftest.c conftstm.o >&5
configure:5891: $? = 0
configure:5929: result: ok
configure:5966: checking for sysroot
configure:5996: result: no
configure:6073: gcc -c -O2 -I/usr/local/wsnet-2.0   conftest.c >&5
configure:6076: $? = 0
configure:6239: checking for mt
configure:6255: found /bin/mt
configure:6266: result: mt
configure:6289: checking if mt is a manifest tool
configure:6295: mt '-?'
configure:6303: result: no
configure:6935: checking how to run the C preprocessor
configure:6966: gcc -E  conftest.c
configure:6966: $? = 0
configure:6980: gcc -E  conftest.c
conftest.c:11:28: fatal error: ac_nonexistent.h: No such file or directory
compilation terminated.
configure:6980: $? = 1
configure: failed program was:
| /* confdefs.h */
| #define PACKAGE_NAME "wsnet"
| #define PACKAGE_TARNAME "wsnet"
| #define PACKAGE_VERSION "0.7cvs"
| #define PACKAGE_STRING "wsnet 0.7cvs"
| #define PACKAGE_BUGREPORT ""
| #define PACKAGE_URL ""
| #define PACKAGE "wsnet"
| #define VERSION "0.7cvs"
| /* end confdefs.h.  */
| #include <ac_nonexistent.h>
configure:7005: result: gcc -E
configure:7025: gcc -E  conftest.c
configure:7025: $? = 0
configure:7039: gcc -E  conftest.c
conftest.c:11:28: fatal error: ac_nonexistent.h: No such file or directory
compilation terminated.
configure:7039: $? = 1
configure: failed program was:
| /* confdefs.h */
| #define PACKAGE_NAME "wsnet"
| #define PACKAGE_TARNAME "wsnet"
| #define PACKAGE_VERSION "0.7cvs"
| #define PACKAGE_STRING "wsnet 0.7cvs"
| #define PACKAGE_BUGREPORT ""
| #define PACKAGE_URL ""
| #define PACKAGE "wsnet"
| #define VERSION "0.7cvs"
| /* end confdefs.h.  */
| #include <ac_nonexistent.h>
configure:7068: checking for ANSI C header files
configure:7088: gcc -c -O2 -I/usr/local/wsnet-2.0   conftest.c >&5
configure:7088: $? = 0
configure:7161: gcc -o conftest -O2 -I/usr/local/wsnet-2.0    conftest.c  >&5
configure:7161: $? = 0
configure:7161: ./conftest
configure:7161: $? = 0
configure:7172: result: yes
configure:7185: checking for sys/types.h
configure:7185: gcc -c -O2 -I/usr/local/wsnet-2.0   conftest.c >&5
configure:7185: $? = 0
configure:7185: result: yes
configure:7185: checking for sys/stat.h
configure:7185: gcc -c -O2 -I/usr/local/wsnet-2.0   conftest.c >&5
configure:7185: $? = 0
configure:7185: result: yes
configure:7185: checking for stdlib.h
configure:7185: gcc -c -O2 -I/usr/local/wsnet-2.0   conftest.c >&5
configure:7185: $? = 0
configure:7185: result: yes
configure:7185: checking for string.h
configure:7185: gcc -c -O2 -I/usr/local/wsnet-2.0   conftest.c >&5
configure:7185: $? = 0
configure:7185: result: yes
configure:7185: checking for memory.h
configure:7185: gcc -c -O2 -I/usr/local/wsnet-2.0   conftest.c >&5
configure:7185: $? = 0
configure:7185: result: yes
configure:7185: checking for strings.h
configure:7185: gcc -c -O2 -I/usr/local/wsnet-2.0   conftest.c >&5
configure:7185: $? = 0
configure:7185: result: yes
configure:7185: checking for inttypes.h
configure:7185: gcc -c -O2 -I/usr/local/wsnet-2.0   conftest.c >&5
configure:7185: $? = 0
configure:7185: result: yes
configure:7185: checking for stdint.h
configure:7185: gcc -c -O2 -I/usr/local/wsnet-2.0   conftest.c >&5
configure:7185: $? = 0
configure:7185: result: yes
configure:7185: checking for unistd.h
configure:7185: gcc -c -O2 -I/usr/local/wsnet-2.0   conftest.c >&5
configure:7185: $? = 0
configure:7185: result: yes
configure:7199: checking for dlfcn.h
configure:7199: gcc -c -O2 -I/usr/local/wsnet-2.0   conftest.c >&5
configure:7199: $? = 0
configure:7199: result: yes
configure:7384: checking for objdir
configure:7399: result: .libs
configure:7666: checking if gcc supports -fno-rtti -fno-exceptions
configure:7684: gcc -c -O2 -I/usr/local/wsnet-2.0   -fno-rtti -fno-exceptions conftest.c >&5
cc1: warning: command line option '-fno-rtti' is valid for C++/ObjC++ but not for C [enabled by default]
configure:7688: $? = 0
configure:7701: result: no
configure:8011: checking for gcc option to produce PIC
configure:8018: result: -fPIC -DPIC
configure:8026: checking if gcc PIC flag -fPIC -DPIC works
configure:8044: gcc -c -O2 -I/usr/local/wsnet-2.0   -fPIC -DPIC -DPIC conftest.c >&5
configure:8048: $? = 0
configure:8061: result: yes
configure:8090: checking if gcc static flag -static works
configure:8118: result: yes
configure:8133: checking if gcc supports -c -o file.o
configure:8154: gcc -c -O2 -I/usr/local/wsnet-2.0   -o out/conftest2.o conftest.c >&5
configure:8158: $? = 0
configure:8180: result: yes
configure:8188: checking if gcc supports -c -o file.o
configure:8235: result: yes
configure:8268: checking whether the gcc linker (/usr/bin/ld -m elf_x86_64) supports shared libraries
configure:9430: result: yes
configure:9467: checking whether -lc should be explicitly linked in
configure:9475: gcc -c -O2 -I/usr/local/wsnet-2.0   conftest.c >&5
configure:9478: $? = 0
configure:9493: gcc -shared  -fPIC -DPIC conftest.o  -v -Wl,-soname -Wl,conftest -o conftest 2\>\&1 \| /bin/grep  -lc  \>/dev/null 2\>\&1
configure:9496: $? = 0
configure:9510: result: no
configure:9675: checking dynamic linker characteristics
configure:10190: gcc -o conftest -O2 -I/usr/local/wsnet-2.0    -Wl,-rpath -Wl,/foo conftest.c  >&5
configure:10190: $? = 0
configure:10424: result: GNU/Linux ld.so
configure:10531: checking how to hardcode library paths into programs
configure:10556: result: immediate
configure:10650: checking for shl_load
configure:10650: gcc -o conftest -O2 -I/usr/local/wsnet-2.0    conftest.c  >&5
/tmp/ccRIzMkx.o: In function `main':
conftest.c:(.text.startup+0x7): undefined reference to `shl_load'
collect2: ld returned 1 exit status
configure:10650: $? = 1
configure: failed program was:
| /* confdefs.h */
| #define PACKAGE_NAME "wsnet"
| #define PACKAGE_TARNAME "wsnet"
| #define PACKAGE_VERSION "0.7cvs"
| #define PACKAGE_STRING "wsnet 0.7cvs"
| #define PACKAGE_BUGREPORT ""
| #define PACKAGE_URL ""
| #define PACKAGE "wsnet"
| #define VERSION "0.7cvs"
| #define STDC_HEADERS 1
| #define HAVE_SYS_TYPES_H 1
| #define HAVE_SYS_STAT_H 1
| #define HAVE_STDLIB_H 1
| #define HAVE_STRING_H 1
| #define HAVE_MEMORY_H 1
| #define HAVE_STRINGS_H 1
| #define HAVE_INTTYPES_H 1
| #define HAVE_STDINT_H 1
| #define HAVE_UNISTD_H 1
| #define HAVE_DLFCN_H 1
| #define LT_OBJDIR ".libs/"
| /* end confdefs.h.  */
| /* Define shl_load to an innocuous variant, in case <limits.h> declares shl_load.
|    For example, HP-UX 11i <limits.h> declares gettimeofday.  */
| #define shl_load innocuous_shl_load
| 
| /* System header to define __stub macros and hopefully few prototypes,
|     which can conflict with char shl_load (); below.
|     Prefer <limits.h> to <assert.h> if __STDC__ is defined, since
|     <limits.h> exists even on freestanding compilers.  */
| 
| #ifdef __STDC__
| # include <limits.h>
| #else
| # include <assert.h>
| #endif
| 
| #undef shl_load
| 
| /* Override any GCC internal prototype to avoid an error.
|    Use char because int might match the return type of a GCC
|    builtin and then its argument prototype would still apply.  */
| #ifdef __cplusplus
| extern "C"
| #endif
| char shl_load ();
| /* The GNU C library defines this for functions which it implements
|     to always fail with ENOSYS.  Some functions are actually named
|     something starting with __ and the normal name is an alias.  */
| #if defined __stub_shl_load || defined __stub___shl_load
| choke me
| #endif
| 
| int
| main ()
| {
| return shl_load ();
|   ;
|   return 0;
| }
configure:10650: result: no
configure:10654: checking for shl_load in -ldld
configure:10679: gcc -o conftest -O2 -I/usr/local/wsnet-2.0    conftest.c -ldld   >&5
/usr/bin/ld: cannot find -ldld
collect2: ld returned 1 exit status
configure:10679: $? = 1
configure: failed program was:
| /* confdefs.h */
| #define PACKAGE_NAME "wsnet"
| #define PACKAGE_TARNAME "wsnet"
| #define PACKAGE_VERSION "0.7cvs"
| #define PACKAGE_STRING "wsnet 0.7cvs"
| #define PACKAGE_BUGREPORT ""
| #define PACKAGE_URL ""
| #define PACKAGE "wsnet"
| #define VERSION "0.7cvs"
| #define STDC_HEADERS 1
| #define HAVE_SYS_TYPES_H 1
| #define HAVE_SYS_STAT_H 1
| #define HAVE_STDLIB_H 1
| #define HAVE_STRING_H 1
| #define HAVE_MEMORY_H 1
| #define HAVE_STRINGS_H 1
| #define HAVE_INTTYPES_H 1
| #define HAVE_STDINT_H 1
| #define HAVE_UNISTD_H 1
| #define HAVE_DLFCN_H 1
| #define LT_OBJDIR ".libs/"
| /* end confdefs.h.  */
| 
| /* Override any GCC internal prototype to avoid an error.
|    Use char because int might match the return type of a GCC
|    builtin and then its argument prototype would still apply.  */
| #ifdef __cplusplus
| extern "C"
| #endif
| char shl_load ();
| int
| main ()
| {
| return shl_load ();
|   ;
|   return 0;
| }
configure:10688: result: no
configure:10693: checking for dlopen
configure:10693: gcc -o conftest -O2 -I/usr/local/wsnet-2.0    conftest.c  >&5
/tmp/ccXsMJaI.o: In function `main':
conftest.c:(.text.startup+0x7): undefined reference to `dlopen'
collect2: ld returned 1 exit status
configure:10693: $? = 1
configure: failed program was:
| /* confdefs.h */
| #define PACKAGE_NAME "wsnet"
| #define PACKAGE_TARNAME "wsnet"
| #define PACKAGE_VERSION "0.7cvs"
| #define PACKAGE_STRING "wsnet 0.7cvs"
| #define PACKAGE_BUGREPORT ""
| #define PACKAGE_URL ""
| #define PACKAGE "wsnet"
| #define VERSION "0.7cvs"
| #define STDC_HEADERS 1
| #define HAVE_SYS_TYPES_H 1
| #define HAVE_SYS_STAT_H 1
| #define HAVE_STDLIB_H 1
| #define HAVE_STRING_H 1
| #define HAVE_MEMORY_H 1
| #define HAVE_STRINGS_H 1
| #define HAVE_INTTYPES_H 1
| #define HAVE_STDINT_H 1
| #define HAVE_UNISTD_H 1
| #define HAVE_DLFCN_H 1
| #define LT_OBJDIR ".libs/"
| /* end confdefs.h.  */
| /* Define dlopen to an innocuous variant, in case <limits.h> declares dlopen.
|    For example, HP-UX 11i <limits.h> declares gettimeofday.  */
| #define dlopen innocuous_dlopen
| 
| /* System header to define __stub macros and hopefully few prototypes,
|     which can conflict with char dlopen (); below.
|     Prefer <limits.h> to <assert.h> if __STDC__ is defined, since
|     <limits.h> exists even on freestanding compilers.  */
| 
| #ifdef __STDC__
| # include <limits.h>
| #else
| # include <assert.h>
| #endif
| 
| #undef dlopen
| 
| /* Override any GCC internal prototype to avoid an error.
|    Use char because int might match the return type of a GCC
|    builtin and then its argument prototype would still apply.  */
| #ifdef __cplusplus
| extern "C"
| #endif
| char dlopen ();
| /* The GNU C library defines this for functions which it implements
|     to always fail with ENOSYS.  Some functions are actually named
|     something starting with __ and the normal name is an alias.  */
| #if defined __stub_dlopen || defined __stub___dlopen
| choke me
| #endif
| 
| int
| main ()
| {
| return dlopen ();
|   ;
|   return 0;
| }
configure:10693: result: no
configure:10697: checking for dlopen in -ldl
configure:10722: gcc -o conftest -O2 -I/usr/local/wsnet-2.0    conftest.c -ldl   >&5
configure:10722: $? = 0
configure:10731: result: yes
configure:10850: checking whether a program can dlopen itself
configure:10930: gcc -o conftest -O2 -I/usr/local/wsnet-2.0   -DHAVE_DLFCN_H  -Wl,--export-dynamic conftest.c -ldl  >&5
configure:10933: $? = 0
configure:10951: result: yes
configure:10956: checking whether a statically linked program can dlopen itself
configure:11036: gcc -o conftest -O2 -I/usr/local/wsnet-2.0   -DHAVE_DLFCN_H  -Wl,--export-dynamic -static conftest.c -ldl  >&5
/tmp/ccFtKhkV.o: In function `main':
conftest.c:(.text.startup+0x9): warning: Using 'dlopen' in statically linked applications requires at runtime the shared libraries from the glibc version used for linking
/usr/bin/ld: dynamic STT_GNU_IFUNC symbol `strcmp' with pointer equality in `/usr/lib/gcc/x86_64-linux-gnu/4.6.1/../../../x86_64-linux-gnu/libc.a(strcmp.o)' can not be used when making an executable; recompile with -fPIE and relink with -pie
collect2: ld returned 1 exit status
configure:11039: $? = 1
configure:11057: result: no
configure:11096: checking whether stripping libraries is possible
configure:11101: result: yes
configure:11136: checking if libtool supports shared libraries
configure:11138: result: yes
configure:11141: checking whether to build shared libraries
configure:11162: result: yes
configure:11165: checking whether to build static libraries
configure:11169: result: yes
configure:11252: checking for gcc
configure:11279: result: gcc
configure:11508: checking for C compiler version
configure:11517: gcc --version >&5
gcc (Ubuntu/Linaro 4.6.1-9ubuntu3) 4.6.1
Copyright (C) 2011 Free Software Foundation, Inc.
This is free software; see the source for copying conditions.  There is NO
warranty; not even for MERCHANTABILITY or FITNESS FOR A PARTICULAR PURPOSE.

configure:11528: $? = 0
configure:11517: gcc -v >&5
Using built-in specs.
COLLECT_GCC=gcc
COLLECT_LTO_WRAPPER=/usr/lib/gcc/x86_64-linux-gnu/4.6.1/lto-wrapper
Target: x86_64-linux-gnu
Configured with: ../src/configure -v --with-pkgversion='Ubuntu/Linaro 4.6.1-9ubuntu3' --with-bugurl=file:///usr/share/doc/gcc-4.6/README.Bugs --enable-languages=c,c++,fortran,objc,obj-c++,go --prefix=/usr --program-suffix=-4.6 --enable-shared --enable-linker-build-id --with-system-zlib --libexecdir=/usr/lib --without-included-gettext --enable-threads=posix --with-gxx-include-dir=/usr/include/c++/4.6 --libdir=/usr/lib --enable-nls --with-sysroot=/ --enable-clocale=gnu --enable-libstdcxx-debug --enable-libstdcxx-time=yes --enable-plugin --enable-objc-gc --disable-werror --with-arch-32=i686 --with-tune=generic --enable-checking=release --build=x86_64-linux-gnu --host=x86_64-linux-gnu --target=x86_64-linux-gnu
Thread model: posix
gcc version 4.6.1 (Ubuntu/Linaro 4.6.1-9ubuntu3) 
configure:11528: $? = 0
configure:11517: gcc -V >&5
gcc: error: unrecognized option '-V'
gcc: fatal error: no input files
compilation terminated.
configure:11528: $? = 4
configure:11517: gcc -qversion >&5
gcc: error: unrecognized option '-qversion'
gcc: fatal error: no input files
compilation terminated.
configure:11528: $? = 4
configure:11532: checking whether we are using the GNU C compiler
configure:11560: result: yes
configure:11569: checking whether gcc accepts -g
configure:11630: result: yes
configure:11647: checking for gcc option to accept ISO C89
configure:11724: result: none needed
configure:11746: checking dependency style of gcc
configure:11856: result: gcc3
configure:11872: checking whether gcc and cc understand -c and -o together
configure:11903: gcc -c conftest.c -o conftest2.o >&5
configure:11907: $? = 0
configure:11913: gcc -c conftest.c -o conftest2.o >&5
configure:11917: $? = 0
configure:11928: cc -c conftest.c >&5
configure:11932: $? = 0
configure:11940: cc -c conftest.c -o conftest2.o >&5
configure:11944: $? = 0
configure:11950: cc -c conftest.c -o conftest2.o >&5
configure:11954: $? = 0
configure:11972: result: yes
configure:12010: checking for pkg-config
configure:12029: found /usr/bin/pkg-config
configure:12041: result: /usr/bin/pkg-config
configure:12201: creating ./config.status

## ---------------------- ##
## Running config.status. ##
## ---------------------- ##

This file was extended by wsnet config.status 0.7cvs, which was
generated by GNU Autoconf 2.68.  Invocation command line was

  CONFIG_FILES    = 
  CONFIG_HEADERS  = 
  CONFIG_LINKS    = 
  CONFIG_COMMANDS = 
  $ ./config.status 

on ubuntu

config.status:1096: creating Makefile
config.status:1096: creating config.h
config.status:1325: executing depfiles commands
config.status:1325: executing libtool commands

## ---------------- ##
## Cache variables. ##
## ---------------- ##

ac_cv_build=x86_64-unknown-linux-gnu
ac_cv_c_compiler_gnu=yes
ac_cv_env_CC_set=
ac_cv_env_CC_value=
ac_cv_env_CFLAGS_set=
ac_cv_env_CFLAGS_value=
ac_cv_env_CPPFLAGS_set=
ac_cv_env_CPPFLAGS_value=
ac_cv_env_CPP_set=
ac_cv_env_CPP_value=
ac_cv_env_GLIB_FLAGS_set=
ac_cv_env_GLIB_FLAGS_value=
ac_cv_env_GLIB_LIBS_set=
ac_cv_env_GLIB_LIBS_value=
ac_cv_env_LDFLAGS_set=
ac_cv_env_LDFLAGS_value=
ac_cv_env_LIBS_set=
ac_cv_env_LIBS_value=
ac_cv_env_PKG_CONFIG_DIR_set=
ac_cv_env_PKG_CONFIG_DIR_value=
ac_cv_env_WSNET_DIR_set=
ac_cv_env_WSNET_DIR_value=
ac_cv_env_build_alias_set=
ac_cv_env_build_alias_value=
ac_cv_env_host_alias_set=
ac_cv_env_host_alias_value=
ac_cv_env_target_alias_set=
ac_cv_env_target_alias_value=
ac_cv_func_dlopen=no
ac_cv_func_shl_load=no
ac_cv_header_dlfcn_h=yes
ac_cv_header_inttypes_h=yes
ac_cv_header_memory_h=yes
ac_cv_header_stdc=yes
ac_cv_header_stdint_h=yes
ac_cv_header_stdlib_h=yes
ac_cv_header_string_h=yes
ac_cv_header_strings_h=yes
ac_cv_header_sys_stat_h=yes
ac_cv_header_sys_types_h=yes
ac_cv_header_unistd_h=yes
ac_cv_host=x86_64-unknown-linux-gnu
ac_cv_lib_dl_dlopen=yes
ac_cv_lib_dld_shl_load=no
ac_cv_objext=o
ac_cv_path_EGREP='/bin/grep -E'
ac_cv_path_FGREP='/bin/grep -F'
ac_cv_path_GREP=/bin/grep
ac_cv_path_PKG_CONFIG=/usr/bin/pkg-config
ac_cv_path_SED=/bin/sed
ac_cv_path_install='/usr/bin/install -c'
ac_cv_path_mkdir=/bin/mkdir
ac_cv_prog_AWK=gawk
ac_cv_prog_CPP='gcc -E'
ac_cv_prog_ac_ct_AR=ar
ac_cv_prog_ac_ct_CC=gcc
ac_cv_prog_ac_ct_MANIFEST_TOOL=mt
ac_cv_prog_ac_ct_OBJDUMP=objdump
ac_cv_prog_ac_ct_RANLIB=ranlib
ac_cv_prog_ac_ct_STRIP=strip
ac_cv_prog_cc_c89=
ac_cv_prog_cc_g=yes
ac_cv_prog_cc_gcc_c_o=yes
ac_cv_prog_make_make_set=yes
ac_cv_target=x86_64-unknown-linux-gnu
am_cv_CC_dependencies_compiler_type=gcc3
lt_cv_ar_at_file=@
lt_cv_archive_cmds_need_lc=no
lt_cv_deplibs_check_method=pass_all
lt_cv_dlopen=dlopen
lt_cv_dlopen_libs=-ldl
lt_cv_dlopen_self=yes
lt_cv_dlopen_self_static=no
lt_cv_file_magic_cmd='$MAGIC_CMD'
lt_cv_file_magic_test_file=
lt_cv_ld_reload_flag=-r
lt_cv_nm_interface='BSD nm'
lt_cv_objdir=.libs
lt_cv_path_LD=/usr/bin/ld
lt_cv_path_NM='/usr/bin/nm -B'
lt_cv_path_mainfest_tool=no
lt_cv_prog_compiler_c_o=yes
lt_cv_prog_compiler_pic='-fPIC -DPIC'
lt_cv_prog_compiler_pic_works=yes
lt_cv_prog_compiler_rtti_exceptions=no
lt_cv_prog_compiler_static_works=yes
lt_cv_prog_gnu_ld=yes
lt_cv_sharedlib_from_linklib_cmd='printf %s\n'
lt_cv_shlibpath_overrides_runpath=no
lt_cv_sys_global_symbol_pipe='sed -n -e '\''s/^.*[	 ]\([ABCDGIRSTW][ABCDGIRSTW]*\)[	 ][	 ]*\([_A-Za-z][_A-Za-z0-9]*\)$/\1 \2 \2/p'\'' | sed '\''/ __gnu_lto/d'\'''
lt_cv_sys_global_symbol_to_c_name_address='sed -n -e '\''s/^: \([^ ]*\)[ ]*$/  {\"\1\", (void *) 0},/p'\'' -e '\''s/^[ABCDGIRSTW]* \([^ ]*\) \([^ ]*\)$/  {"\2", (void *) \&\2},/p'\'''
lt_cv_sys_global_symbol_to_c_name_address_lib_prefix='sed -n -e '\''s/^: \([^ ]*\)[ ]*$/  {\"\1\", (void *) 0},/p'\'' -e '\''s/^[ABCDGIRSTW]* \([^ ]*\) \(lib[^ ]*\)$/  {"\2", (void *) \&\2},/p'\'' -e '\''s/^[ABCDGIRSTW]* \([^ ]*\) \([^ ]*\)$/  {"lib\2", (void *) \&\2},/p'\'''
lt_cv_sys_global_symbol_to_cdecl='sed -n -e '\''s/^T .* \(.*\)$/extern int \1();/p'\'' -e '\''s/^[ABCDGIRSTW]* .* \(.*\)$/extern char \1;/p'\'''
lt_cv_sys_max_cmd_len=1572864
lt_cv_to_host_file_cmd=func_convert_file_noop
lt_cv_to_tool_file_cmd=func_convert_file_noop

## ----------------- ##
## Output variables. ##
## ----------------- ##

ACLOCAL='${SHELL} /home/bibouh/wsnet-module/user_models/ENERGIE/missing --run aclocal-1.11'
AMDEPBACKSLASH='\'
AMDEP_FALSE='#'
AMDEP_TRUE=''
AMTAR='${SHELL} /home/bibouh/wsnet-module/user_models/ENERGIE/missing --run tar'
AR='ar'
AUTOCONF='${SHELL} /home/bibouh/wsnet-module/user_models/ENERGIE/missing --run autoconf'
AUTOHEADER='${SHELL} /home/bibouh/wsnet-module/user_models/ENERGIE/missing --run autoheader'
AUTOMAKE='${SHELL} /home/bibouh/wsnet-module/user_models/ENERGIE/missing --run automake-1.11'
AWK='gawk'
CC='gcc'
CCDEPMODE='depmode=gcc3'
CFLAGS='-O2 -I/usr/local/wsnet-2.0 '
CPP='gcc -E'
CPPFLAGS=''
CYGPATH_W='echo'
DEFS='-DHAVE_CONFIG_H'
DEPDIR='.deps'
DLLTOOL='false'
DSYMUTIL=''
DUMPBIN=''
ECHO_C=''
ECHO_N='-n'
ECHO_T=''
EGREP='/bin/grep -E'
EXEEXT=''
FGREP='/bin/grep -F'
GLIB_FLAGS='-pthread -I/usr/include/glib-2.0 -I/usr/lib/x86_64-linux-gnu/glib-2.0/include  '
GLIB_LIBS='-Wl,--export-dynamic -pthread -lgmodule-2.0 -lrt -lglib-2.0  '
GREP='/bin/grep'
INSTALL_DATA='${INSTALL} -m 644'
INSTALL_PROGRAM='${INSTALL}'
INSTALL_SCRIPT='${INSTALL}'
INSTALL_STRIP_PROGRAM='$(install_sh) -c -s'
LD='/usr/bin/ld -m elf_x86_64'
LDFLAGS=''
LIBOBJS=''
LIBS=''
LIBTOOL='$(SHELL) $(top_builddir)/libtool'
LIPO=''
LN_S='ln -s'
LTLIBOBJS=''
MAKEINFO='${SHELL} /home/bibouh/wsnet-module/user_models/ENERGIE/missing --run makeinfo'
MANIFEST_TOOL=':'
MKDIR_P='/bin/mkdir -p'
NM='/usr/bin/nm -B'
NMEDIT=''
OBJDUMP='objdump'
OBJEXT='o'
OTOOL64=''
OTOOL=''
PACKAGE='wsnet'
PACKAGE_BUGREPORT=''
PACKAGE_NAME='wsnet'
PACKAGE_STRING='wsnet 0.7cvs'
PACKAGE_TARNAME='wsnet'
PACKAGE_URL=''
PACKAGE_VERSION='0.7cvs'
PATH_SEPARATOR=':'
PKG_CONFIG='/usr/bin/pkg-config'
PKG_CONFIG_DIR=''
RANLIB='ranlib'
SED='/bin/sed'
SET_MAKE=''
SHELL='/bin/bash'
STRIP='strip'
VERSION='0.7cvs'
WSNET_DIR='/usr/local/wsnet-2.0'
ac_ct_AR='ar'
ac_ct_CC='gcc'
ac_ct_DUMPBIN=''
am__EXEEXT_FALSE=''
am__EXEEXT_TRUE='#'
am__fastdepCC_FALSE='#'
am__fastdepCC_TRUE=''
am__include='include'
am__isrc=''
am__leading_dot='.'
am__quote=''
am__tar='${AMTAR} chof - "$$tardir"'
am__untar='${AMTAR} xf -'
bindir='${exec_prefix}/bin'
build='x86_64-unknown-linux-gnu'
build_alias=''
build_cpu='x86_64'
build_os='linux-gnu'
build_vendor='unknown'
datadir='${datarootdir}'
datarootdir='${prefix}/share'
docdir='${datarootdir}/doc/${PACKAGE_TARNAME}'
dvidir='${docdir}'
exec_prefix='${prefix}'
host='x86_64-unknown-linux-gnu'
host_alias=''
host_cpu='x86_64'
host_os='linux-gnu'
host_vendor='unknown'
htmldir='${docdir}'
includedir='${prefix}/include'
infodir='${datarootdir}/info'
install_sh='${SHELL} /home/bibouh/wsnet-module/user_models/ENERGIE/install-sh'
libdir='${exec_prefix}/lib'
libexecdir='${exec_prefix}/libexec'
localedir='${datarootdir}/locale'
localstatedir='${prefix}/var'
mandir='${datarootdir}/man'
mkdir_p='/bin/mkdir -p'
oldincludedir='/usr/include'
pdfdir='${docdir}'
prefix='/home/bibouh/wsnet-module'
program_transform_name='s,x,x,'
psdir='${docdir}'
sbindir='${exec_prefix}/sbin'
sharedstatedir='${prefix}/com'
sysconfdir='${prefix}/etc'
target='x86_64-unknown-linux-gnu'
target_alias=''
target_cpu='x86_64'
target_os='linux-gnu'
target_vendor='unknown'

## ----------- ##
## confdefs.h. ##
## ----------- ##

/* confdefs.h */
#define PACKAGE_NAME "wsnet"
#define PACKAGE_TARNAME "wsnet"
#define PACKAGE_VERSION "0.7cvs"
#define PACKAGE_STRING "wsnet 0.7cvs"
#define PACKAGE_BUGREPORT ""
#define PACKAGE_URL ""
#define PACKAGE "wsnet"
#define VERSION "0.7cvs"
#define STDC_HEADERS 1
#define HAVE_SYS_TYPES_H 1
#define HAVE_SYS_STAT_H 1
#define HAVE_STDLIB_H 1
#define HAVE_STRING_H 1
#define HAVE_MEMORY_H 1
#define HAVE_STRINGS_H 1
#define HAVE_INTTYPES_H 1
#define HAVE_STDINT_H 1
#define HAVE_UNISTD_H 1
#define HAVE_DLFCN_H 1
#define LT_OBJDIR ".libs/"

configure: exit 0

## ---------------------- ##
## Running config.status. ##
## ---------------------- ##

This file was extended by wsnet config.status 0.7cvs, which was
generated by GNU Autoconf 2.68.  Invocation command line was

  CONFIG_FILES    = 
  CONFIG_HEADERS  = 
  CONFIG_LINKS    = 
  CONFIG_COMMANDS = 
  $ ./config.status Makefile depfiles

on ubuntu

config.status:1096: creating Makefile
config.status:1325: executing depfiles commands
