This file contains any messages produced by compilers while
running configure, to aid debugging if configure makes a mistake.

It was created by wsnet configure 0.7cvs, which was
generated by GNU Autoconf 2.68.  Invocation command line was

  $ ./configure --prefix=/Users/Clo/Documents/Fac/M1/S2/TER/wsnet-module --with-wsnet-dir=/usr/local/wsnet-2.0

## --------- ##
## Platform. ##
## --------- ##

hostname = MacBook-Pro-de-Chloe-Desdouits.local
uname -m = x86_64
uname -r = 11.3.0
uname -s = Darwin
uname -v = Darwin Kernel Version 11.3.0: Thu Jan 12 18:47:41 PST 2012; root:xnu-1699.24.23~1/RELEASE_X86_64

/usr/bin/uname -p = i386
/bin/uname -X     = unknown

/bin/arch              = unknown
/usr/bin/arch -k       = unknown
/usr/convex/getsysinfo = unknown
/usr/bin/hostinfo      = Mach kernel version:
	 Darwin Kernel Version 11.3.0: Thu Jan 12 18:47:41 PST 2012; root:xnu-1699.24.23~1/RELEASE_X86_64
Kernel configured for up to 2 processors.
2 processors are physically available.
2 processors are logically available.
Processor type: i486 (Intel 80486)
Processors active: 0 1
Primary memory available: 4.00 gigabytes
Default processor set: 93 tasks, 422 threads, 2 processors
Load average: 0.79, Mach factor: 1.20
/bin/machine           = unknown
/usr/bin/oslevel       = unknown
/bin/universe          = unknown

PATH: /opt/local/bin
PATH: /opt/local/sbin
PATH: /usr/bin
PATH: /bin
PATH: /usr/sbin
PATH: /sbin
PATH: /usr/local/bin
PATH: /opt/X11/bin
PATH: /usr/X11/bin
PATH: /usr/texbin
PATH: /opt/local/bin
PATH: /usr/local/git/bin
PATH: .
PATH: /usr/bin
PATH: /usr/local/bin
PATH: /usr/local/lib32bits/bin
PATH: /opt/local/bin
PATH: /usr/local/share/OpenSceneGraph/bin
PATH: /lib/osgPlugins
PATH: /usr/libexec/
PATH: /usr/local/wsnet-2.0/bin


## ----------- ##
## Core tests. ##
## ----------- ##

configure:2143: checking build system type
configure:2157: result: x86_64-apple-darwin11.3.0
configure:2177: checking host system type
configure:2190: result: x86_64-apple-darwin11.3.0
configure:2210: checking target system type
configure:2223: result: x86_64-apple-darwin11.3.0
configure:2265: checking for a BSD-compatible install
configure:2333: result: /usr/bin/install -c
configure:2344: checking whether build environment is sane
configure:2394: result: yes
configure:2535: checking for a thread-safe mkdir -p
configure:2574: result: ./install-sh -c -d
configure:2587: checking for gawk
configure:2617: result: no
configure:2587: checking for mawk
configure:2617: result: no
configure:2587: checking for nawk
configure:2617: result: no
configure:2587: checking for awk
configure:2603: found /usr/bin/awk
configure:2614: result: awk
configure:2625: checking whether make sets $(MAKE)
configure:2647: result: yes
configure:2803: checking how to print strings
configure:2830: result: printf
configure:2863: checking for style of include used by make
configure:2891: result: GNU
configure:2961: checking for gcc
configure:2977: found /usr/bin/gcc
configure:2988: result: gcc
configure:3217: checking for C compiler version
configure:3226: gcc --version >&5
i686-apple-darwin11-llvm-gcc-4.2 (GCC) 4.2.1 (Based on Apple Inc. build 5658) (LLVM build 2336.1.00)
Copyright (C) 2007 Free Software Foundation, Inc.
This is free software; see the source for copying conditions.  There is NO
warranty; not even for MERCHANTABILITY or FITNESS FOR A PARTICULAR PURPOSE.

configure:3237: $? = 0
configure:3226: gcc -v >&5
Using built-in specs.
Target: i686-apple-darwin11
Configured with: /private/var/tmp/llvmgcc42/llvmgcc42-2336.1~1/src/configure --disable-checking --enable-werror --prefix=/Developer/usr/llvm-gcc-4.2 --mandir=/share/man --enable-languages=c,objc,c++,obj-c++ --program-prefix=llvm- --program-transform-name=/^[cg][^.-]*$/s/$/-4.2/ --with-slibdir=/usr/lib --build=i686-apple-darwin11 --enable-llvm=/private/var/tmp/llvmgcc42/llvmgcc42-2336.1~1/dst-llvmCore/Developer/usr/local --program-prefix=i686-apple-darwin11- --host=x86_64-apple-darwin11 --target=i686-apple-darwin11 --with-gxx-include-dir=/usr/include/c++/4.2.1
Thread model: posix
gcc version 4.2.1 (Based on Apple Inc. build 5658) (LLVM build 2336.1.00)
configure:3237: $? = 0
configure:3226: gcc -V >&5
llvm-gcc-4.2: argument to `-V' is missing
configure:3237: $? = 1
configure:3226: gcc -qversion >&5
i686-apple-darwin11-llvm-gcc-4.2: no input files
configure:3237: $? = 1
configure:3257: checking whether the C compiler works
configure:3279: gcc -O2 -I/usr/local/wsnet-2.0    conftest.c  >&5
configure:3283: $? = 0
configure:3331: result: yes
configure:3334: checking for C compiler default output file name
configure:3336: result: a.out
configure:3342: checking for suffix of executables
configure:3349: gcc -o conftest -O2 -I/usr/local/wsnet-2.0    conftest.c  >&5
configure:3353: $? = 0
configure:3375: result: 
configure:3397: checking whether we are cross compiling
configure:3405: gcc -o conftest -O2 -I/usr/local/wsnet-2.0    conftest.c  >&5
configure:3409: $? = 0
configure:3416: ./conftest
configure:3420: $? = 0
configure:3435: result: no
configure:3440: checking for suffix of object files
configure:3462: gcc -c -O2 -I/usr/local/wsnet-2.0   conftest.c >&5
configure:3466: $? = 0
configure:3487: result: o
configure:3491: checking whether we are using the GNU C compiler
configure:3510: gcc -c -O2 -I/usr/local/wsnet-2.0   conftest.c >&5
configure:3510: $? = 0
configure:3519: result: yes
configure:3528: checking whether gcc accepts -g
configure:3548: gcc -c -g  conftest.c >&5
configure:3548: $? = 0
configure:3589: result: yes
configure:3606: checking for gcc option to accept ISO C89
configure:3670: gcc  -c -O2 -I/usr/local/wsnet-2.0   conftest.c >&5
configure:3670: $? = 0
configure:3683: result: none needed
configure:3705: checking dependency style of gcc
configure:3815: result: gcc3
configure:3830: checking for a sed that does not truncate output
configure:3894: result: /usr/bin/sed
configure:3912: checking for grep that handles long lines and -e
configure:3970: result: /usr/bin/grep
configure:3975: checking for egrep
configure:4037: result: /usr/bin/grep -E
configure:4042: checking for fgrep
configure:4104: result: /usr/bin/grep -F
configure:4139: checking for ld used by gcc
configure:4206: result: /usr/llvm-gcc-4.2/libexec/gcc/i686-apple-darwin11/4.2.1/ld
configure:4213: checking if the linker (/usr/llvm-gcc-4.2/libexec/gcc/i686-apple-darwin11/4.2.1/ld) is GNU ld
configure:4228: result: no
configure:4240: checking for BSD- or MS-compatible name lister (nm)
configure:4289: result: /usr/bin/nm
configure:4419: checking the name lister (/usr/bin/nm) interface
configure:4426: gcc -c -O2 -I/usr/local/wsnet-2.0   conftest.c >&5
configure:4429: /usr/bin/nm "conftest.o"
configure:4432: output
0000000000000000 S _some_variable
configure:4439: result: BSD nm
configure:4442: checking whether ln -s works
configure:4446: result: yes
configure:4454: checking the maximum length of command line arguments
configure:4584: result: 196608
configure:4601: checking whether the shell understands some XSI constructs
configure:4611: result: yes
configure:4615: checking whether the shell understands "+="
configure:4621: result: yes
configure:4656: checking how to convert x86_64-apple-darwin11.3.0 file names to x86_64-apple-darwin11.3.0 format
configure:4696: result: func_convert_file_noop
configure:4703: checking how to convert x86_64-apple-darwin11.3.0 file names to toolchain format
configure:4723: result: func_convert_file_noop
configure:4730: checking for /usr/llvm-gcc-4.2/libexec/gcc/i686-apple-darwin11/4.2.1/ld option to reload object files
configure:4737: result: -r
configure:4811: checking for objdump
configure:4841: result: no
configure:4870: checking how to recognize dependent libraries
configure:5072: result: pass_all
configure:5157: checking for dlltool
configure:5187: result: no
configure:5217: checking how to associate runtime and link libraries
configure:5244: result: printf %s\n
configure:5305: checking for ar
configure:5321: found /usr/bin/ar
configure:5332: result: ar
configure:5369: checking for archiver @FILE support
configure:5386: gcc -c -O2 -I/usr/local/wsnet-2.0   conftest.c >&5
configure:5386: $? = 0
configure:5389: ar cru libconftest.a @conftest.lst >&5
ar: @conftest.lst: No such file or directory
configure:5392: $? = 1
configure:5412: result: no
configure:5470: checking for strip
configure:5486: found /usr/bin/strip
configure:5497: result: strip
configure:5569: checking for ranlib
configure:5585: found /usr/bin/ranlib
configure:5596: result: ranlib
configure:5698: checking command to parse /usr/bin/nm output from gcc object
configure:5818: gcc -c -O2 -I/usr/local/wsnet-2.0   conftest.c >&5
configure:5821: $? = 0
configure:5825: /usr/bin/nm conftest.o \| sed -n -e 's/^.*[ ]\([BCDEGRST][BCDEGRST]*\)[ ][ ]*\([_A-Za-z][_A-Za-z0-9]*\)$/\1 \2 \2/p' | sed '/ __gnu_lto/d' \> conftest.nm
configure:5828: $? = 0
cannot find nm_test_var in conftest.nm
configure:5818: gcc -c -O2 -I/usr/local/wsnet-2.0   conftest.c >&5
configure:5821: $? = 0
configure:5825: /usr/bin/nm conftest.o \| sed -n -e 's/^.*[ ]\([BCDEGRST][BCDEGRST]*\)[ ][ ]*_\([_A-Za-z][_A-Za-z0-9]*\)$/\1 _\2 \2/p' | sed '/ __gnu_lto/d' \> conftest.nm
configure:5828: $? = 0
configure:5894: gcc -o conftest -O2 -I/usr/local/wsnet-2.0    conftest.c conftstm.o >&5
configure:5897: $? = 0
configure:5935: result: ok
configure:5972: checking for sysroot
configure:6002: result: no
configure:6258: checking for mt
configure:6288: result: no
configure:6308: checking if : is a manifest tool
configure:6314: : '-?'
configure:6322: result: no
configure:6378: checking for dsymutil
configure:6394: found /usr/bin/dsymutil
configure:6405: result: dsymutil
configure:6470: checking for nmedit
configure:6486: found /usr/bin/nmedit
configure:6497: result: nmedit
configure:6562: checking for lipo
configure:6578: found /usr/bin/lipo
configure:6589: result: lipo
configure:6654: checking for otool
configure:6670: found /usr/bin/otool
configure:6681: result: otool
configure:6746: checking for otool64
configure:6776: result: no
configure:6821: checking for -single_module linker flag
gcc -O2 -I/usr/local/wsnet-2.0   -o libconftest.dylib -dynamiclib -Wl,-single_module conftest.c
configure:6854: result: yes
configure:6857: checking for -exported_symbols_list linker flag
configure:6877: gcc -o conftest -O2 -I/usr/local/wsnet-2.0    -Wl,-exported_symbols_list,conftest.sym conftest.c  >&5
configure:6877: $? = 0
configure:6887: result: yes
configure:6890: checking for -force_load linker flag
gcc -O2 -I/usr/local/wsnet-2.0  -c -o conftest.o conftest.c
ar cru libconftest.a conftest.o
ranlib libconftest.a
gcc -O2 -I/usr/local/wsnet-2.0   -o conftest conftest.c -Wl,-force_load,./libconftest.a
configure:6922: result: yes
configure:6964: checking how to run the C preprocessor
configure:6995: gcc -E  conftest.c
configure:6995: $? = 0
configure:7009: gcc -E  conftest.c
conftest.c:11:28: error: ac_nonexistent.h: No such file or directory
configure:7009: $? = 1
configure: failed program was:
| /* confdefs.h */
| #define PACKAGE_NAME "wsnet"
| #define PACKAGE_TARNAME "wsnet"
| #define PACKAGE_VERSION "0.7cvs"
| #define PACKAGE_STRING "wsnet 0.7cvs"
| #define PACKAGE_BUGREPORT ""
| #define PACKAGE_URL ""
| #define PACKAGE "wsnet"
| #define VERSION "0.7cvs"
| /* end confdefs.h.  */
| #include <ac_nonexistent.h>
configure:7034: result: gcc -E
configure:7054: gcc -E  conftest.c
configure:7054: $? = 0
configure:7068: gcc -E  conftest.c
conftest.c:11:28: error: ac_nonexistent.h: No such file or directory
configure:7068: $? = 1
configure: failed program was:
| /* confdefs.h */
| #define PACKAGE_NAME "wsnet"
| #define PACKAGE_TARNAME "wsnet"
| #define PACKAGE_VERSION "0.7cvs"
| #define PACKAGE_STRING "wsnet 0.7cvs"
| #define PACKAGE_BUGREPORT ""
| #define PACKAGE_URL ""
| #define PACKAGE "wsnet"
| #define VERSION "0.7cvs"
| /* end confdefs.h.  */
| #include <ac_nonexistent.h>
configure:7097: checking for ANSI C header files
configure:7117: gcc -c -O2 -I/usr/local/wsnet-2.0   conftest.c >&5
configure:7117: $? = 0
configure:7190: gcc -o conftest -O2 -I/usr/local/wsnet-2.0    conftest.c  >&5
configure:7190: $? = 0
configure:7190: ./conftest
configure:7190: $? = 0
configure:7201: result: yes
configure:7214: checking for sys/types.h
configure:7214: gcc -c -O2 -I/usr/local/wsnet-2.0   conftest.c >&5
configure:7214: $? = 0
configure:7214: result: yes
configure:7214: checking for sys/stat.h
configure:7214: gcc -c -O2 -I/usr/local/wsnet-2.0   conftest.c >&5
configure:7214: $? = 0
configure:7214: result: yes
configure:7214: checking for stdlib.h
configure:7214: gcc -c -O2 -I/usr/local/wsnet-2.0   conftest.c >&5
configure:7214: $? = 0
configure:7214: result: yes
configure:7214: checking for string.h
configure:7214: gcc -c -O2 -I/usr/local/wsnet-2.0   conftest.c >&5
configure:7214: $? = 0
configure:7214: result: yes
configure:7214: checking for memory.h
configure:7214: gcc -c -O2 -I/usr/local/wsnet-2.0   conftest.c >&5
configure:7214: $? = 0
configure:7214: result: yes
configure:7214: checking for strings.h
configure:7214: gcc -c -O2 -I/usr/local/wsnet-2.0   conftest.c >&5
configure:7214: $? = 0
configure:7214: result: yes
configure:7214: checking for inttypes.h
configure:7214: gcc -c -O2 -I/usr/local/wsnet-2.0   conftest.c >&5
configure:7214: $? = 0
configure:7214: result: yes
configure:7214: checking for stdint.h
configure:7214: gcc -c -O2 -I/usr/local/wsnet-2.0   conftest.c >&5
configure:7214: $? = 0
configure:7214: result: yes
configure:7214: checking for unistd.h
configure:7214: gcc -c -O2 -I/usr/local/wsnet-2.0   conftest.c >&5
configure:7214: $? = 0
configure:7214: result: yes
configure:7228: checking for dlfcn.h
configure:7228: gcc -c -O2 -I/usr/local/wsnet-2.0   conftest.c >&5
configure:7228: $? = 0
configure:7228: result: yes
configure:7432: checking for objdir
configure:7447: result: .libs
configure:7714: checking if gcc supports -fno-rtti -fno-exceptions
configure:7732: gcc -c -O2 -I/usr/local/wsnet-2.0   -fno-rtti -fno-exceptions conftest.c >&5
cc1: warning: command line option "-fno-rtti" is valid for C++/ObjC++ but not for C
configure:7736: $? = 0
configure:7749: result: no
configure:8076: checking for gcc option to produce PIC
configure:8083: result: -fno-common -DPIC
configure:8091: checking if gcc PIC flag -fno-common -DPIC works
configure:8109: gcc -c -O2 -I/usr/local/wsnet-2.0   -fno-common -DPIC -DPIC conftest.c >&5
configure:8113: $? = 0
configure:8126: result: yes
configure:8155: checking if gcc static flag -static works
configure:8183: result: no
configure:8198: checking if gcc supports -c -o file.o
configure:8219: gcc -c -O2 -I/usr/local/wsnet-2.0   -o out/conftest2.o conftest.c >&5
configure:8223: $? = 0
configure:8245: result: yes
configure:8253: checking if gcc supports -c -o file.o
configure:8300: result: yes
configure:8333: checking whether the gcc linker (/usr/llvm-gcc-4.2/libexec/gcc/i686-apple-darwin11/4.2.1/ld) supports shared libraries
configure:9486: result: yes
configure:9726: checking dynamic linker characteristics
configure:10459: result: darwin11.3.0 dyld
configure:10566: checking how to hardcode library paths into programs
configure:10591: result: immediate
configure:10636: checking for dlopen in -ldl
configure:10661: gcc -o conftest -O2 -I/usr/local/wsnet-2.0    conftest.c -ldl   >&5
configure:10661: $? = 0
configure:10670: result: yes
configure:10885: checking whether a program can dlopen itself
configure:10965: gcc -o conftest -O2 -I/usr/local/wsnet-2.0   -DHAVE_DLFCN_H   conftest.c -ldl  >&5
configure:10968: $? = 0
configure:10986: result: yes
configure:10991: checking whether a statically linked program can dlopen itself
configure:11071: gcc -o conftest -O2 -I/usr/local/wsnet-2.0   -DHAVE_DLFCN_H    conftest.c -ldl  >&5
configure:11074: $? = 0
configure:11092: result: yes
configure:11131: checking whether stripping libraries is possible
configure:11145: result: yes
configure:11171: checking if libtool supports shared libraries
configure:11173: result: yes
configure:11176: checking whether to build shared libraries
configure:11197: result: yes
configure:11200: checking whether to build static libraries
configure:11204: result: yes
configure:11289: checking for gcc
configure:11316: result: gcc
configure:11545: checking for C compiler version
configure:11554: gcc --version >&5
i686-apple-darwin11-llvm-gcc-4.2 (GCC) 4.2.1 (Based on Apple Inc. build 5658) (LLVM build 2336.1.00)
Copyright (C) 2007 Free Software Foundation, Inc.
This is free software; see the source for copying conditions.  There is NO
warranty; not even for MERCHANTABILITY or FITNESS FOR A PARTICULAR PURPOSE.

configure:11565: $? = 0
configure:11554: gcc -v >&5
Using built-in specs.
Target: i686-apple-darwin11
Configured with: /private/var/tmp/llvmgcc42/llvmgcc42-2336.1~1/src/configure --disable-checking --enable-werror --prefix=/Developer/usr/llvm-gcc-4.2 --mandir=/share/man --enable-languages=c,objc,c++,obj-c++ --program-prefix=llvm- --program-transform-name=/^[cg][^.-]*$/s/$/-4.2/ --with-slibdir=/usr/lib --build=i686-apple-darwin11 --enable-llvm=/private/var/tmp/llvmgcc42/llvmgcc42-2336.1~1/dst-llvmCore/Developer/usr/local --program-prefix=i686-apple-darwin11- --host=x86_64-apple-darwin11 --target=i686-apple-darwin11 --with-gxx-include-dir=/usr/include/c++/4.2.1
Thread model: posix
gcc version 4.2.1 (Based on Apple Inc. build 5658) (LLVM build 2336.1.00)
configure:11565: $? = 0
configure:11554: gcc -V >&5
llvm-gcc-4.2: argument to `-V' is missing
configure:11565: $? = 1
configure:11554: gcc -qversion >&5
i686-apple-darwin11-llvm-gcc-4.2: no input files
configure:11565: $? = 1
configure:11569: checking whether we are using the GNU C compiler
configure:11597: result: yes
configure:11606: checking whether gcc accepts -g
configure:11667: result: yes
configure:11684: checking for gcc option to accept ISO C89
configure:11761: result: none needed
configure:11783: checking dependency style of gcc
configure:11893: result: gcc3
configure:11909: checking whether gcc and cc understand -c and -o together
configure:11940: gcc -c conftest.c -o conftest2.o >&5
configure:11944: $? = 0
configure:11950: gcc -c conftest.c -o conftest2.o >&5
configure:11954: $? = 0
configure:11965: cc -c conftest.c >&5
configure:11969: $? = 0
configure:11977: cc -c conftest.c -o conftest2.o >&5
configure:11981: $? = 0
configure:11987: cc -c conftest.c -o conftest2.o >&5
configure:11991: $? = 0
configure:12009: result: yes
configure:12047: checking for pkg-config
configure:12066: found /opt/local/bin/pkg-config
configure:12078: result: /opt/local/bin/pkg-config
configure:12238: creating ./config.status

## ---------------------- ##
## Running config.status. ##
## ---------------------- ##

This file was extended by wsnet config.status 0.7cvs, which was
generated by GNU Autoconf 2.68.  Invocation command line was

  CONFIG_FILES    = 
  CONFIG_HEADERS  = 
  CONFIG_LINKS    = 
  CONFIG_COMMANDS = 
  $ ./config.status 

on MacBook-Pro-de-Chloe-Desdouits.local

config.status:1093: creating Makefile
config.status:1093: creating config.h
config.status:1274: config.h is unchanged
config.status:1322: executing depfiles commands
config.status:1322: executing libtool commands

## ---------------- ##
## Cache variables. ##
## ---------------- ##

ac_cv_build=x86_64-apple-darwin11.3.0
ac_cv_c_compiler_gnu=yes
ac_cv_env_CC_set=
ac_cv_env_CC_value=
ac_cv_env_CFLAGS_set=
ac_cv_env_CFLAGS_value=
ac_cv_env_CPPFLAGS_set=
ac_cv_env_CPPFLAGS_value=
ac_cv_env_CPP_set=
ac_cv_env_CPP_value=
ac_cv_env_GLIB_FLAGS_set=
ac_cv_env_GLIB_FLAGS_value=
ac_cv_env_GLIB_LIBS_set=
ac_cv_env_GLIB_LIBS_value=
ac_cv_env_LDFLAGS_set=
ac_cv_env_LDFLAGS_value=
ac_cv_env_LIBS_set=
ac_cv_env_LIBS_value=
ac_cv_env_PKG_CONFIG_DIR_set=
ac_cv_env_PKG_CONFIG_DIR_value=
ac_cv_env_WSNET_DIR_set=
ac_cv_env_WSNET_DIR_value=
ac_cv_env_build_alias_set=
ac_cv_env_build_alias_value=
ac_cv_env_host_alias_set=
ac_cv_env_host_alias_value=
ac_cv_env_target_alias_set=
ac_cv_env_target_alias_value=
ac_cv_header_dlfcn_h=yes
ac_cv_header_inttypes_h=yes
ac_cv_header_memory_h=yes
ac_cv_header_stdc=yes
ac_cv_header_stdint_h=yes
ac_cv_header_stdlib_h=yes
ac_cv_header_string_h=yes
ac_cv_header_strings_h=yes
ac_cv_header_sys_stat_h=yes
ac_cv_header_sys_types_h=yes
ac_cv_header_unistd_h=yes
ac_cv_host=x86_64-apple-darwin11.3.0
ac_cv_lib_dl_dlopen=yes
ac_cv_objext=o
ac_cv_path_EGREP='/usr/bin/grep -E'
ac_cv_path_FGREP='/usr/bin/grep -F'
ac_cv_path_GREP=/usr/bin/grep
ac_cv_path_PKG_CONFIG=/opt/local/bin/pkg-config
ac_cv_path_SED=/usr/bin/sed
ac_cv_path_install='/usr/bin/install -c'
ac_cv_prog_AWK=awk
ac_cv_prog_CPP='gcc -E'
ac_cv_prog_ac_ct_AR=ar
ac_cv_prog_ac_ct_CC=gcc
ac_cv_prog_ac_ct_DSYMUTIL=dsymutil
ac_cv_prog_ac_ct_LIPO=lipo
ac_cv_prog_ac_ct_NMEDIT=nmedit
ac_cv_prog_ac_ct_OTOOL=otool
ac_cv_prog_ac_ct_RANLIB=ranlib
ac_cv_prog_ac_ct_STRIP=strip
ac_cv_prog_cc_c89=
ac_cv_prog_cc_g=yes
ac_cv_prog_cc_gcc_c_o=yes
ac_cv_prog_make_make_set=yes
ac_cv_target=x86_64-apple-darwin11.3.0
am_cv_CC_dependencies_compiler_type=gcc3
lt_cv_apple_cc_single_mod=yes
lt_cv_ar_at_file=no
lt_cv_deplibs_check_method=pass_all
lt_cv_dlopen=dlopen
lt_cv_dlopen_libs=-ldl
lt_cv_dlopen_self=yes
lt_cv_dlopen_self_static=yes
lt_cv_file_magic_cmd='$MAGIC_CMD'
lt_cv_file_magic_test_file=
lt_cv_ld_exported_symbols_list=yes
lt_cv_ld_force_load=yes
lt_cv_ld_reload_flag=-r
lt_cv_nm_interface='BSD nm'
lt_cv_objdir=.libs
lt_cv_path_LD=/usr/llvm-gcc-4.2/libexec/gcc/i686-apple-darwin11/4.2.1/ld
lt_cv_path_NM=/usr/bin/nm
lt_cv_path_mainfest_tool=no
lt_cv_prog_compiler_c_o=yes
lt_cv_prog_compiler_pic='-fno-common -DPIC'
lt_cv_prog_compiler_pic_works=yes
lt_cv_prog_compiler_rtti_exceptions=no
lt_cv_prog_compiler_static_works=no
lt_cv_prog_gnu_ld=no
lt_cv_sharedlib_from_linklib_cmd='printf %s\n'
lt_cv_sys_global_symbol_pipe='sed -n -e '\''s/^.*[	 ]\([BCDEGRST][BCDEGRST]*\)[	 ][	 ]*_\([_A-Za-z][_A-Za-z0-9]*\)$/\1 _\2 \2/p'\'' | sed '\''/ __gnu_lto/d'\'''
lt_cv_sys_global_symbol_to_c_name_address='sed -n -e '\''s/^: \([^ ]*\)[ ]*$/  {\"\1\", (void *) 0},/p'\'' -e '\''s/^[BCDEGRST]* \([^ ]*\) \([^ ]*\)$/  {"\2", (void *) \&\2},/p'\'''
lt_cv_sys_global_symbol_to_c_name_address_lib_prefix='sed -n -e '\''s/^: \([^ ]*\)[ ]*$/  {\"\1\", (void *) 0},/p'\'' -e '\''s/^[BCDEGRST]* \([^ ]*\) \(lib[^ ]*\)$/  {"\2", (void *) \&\2},/p'\'' -e '\''s/^[BCDEGRST]* \([^ ]*\) \([^ ]*\)$/  {"lib\2", (void *) \&\2},/p'\'''
lt_cv_sys_global_symbol_to_cdecl='sed -n -e '\''s/^T .* \(.*\)$/extern int \1();/p'\'' -e '\''s/^[BCDEGRST]* .* \(.*\)$/extern char \1;/p'\'''
lt_cv_sys_max_cmd_len=196608
lt_cv_to_host_file_cmd=func_convert_file_noop
lt_cv_to_tool_file_cmd=func_convert_file_noop

## ----------------- ##
## Output variables. ##
## ----------------- ##

ACLOCAL='${SHELL} /Users/Clo/Documents/Fac/M1/S2/TER/wsnet-module/user_models/missing --run aclocal-1.11'
AMDEPBACKSLASH='\'
AMDEP_FALSE='#'
AMDEP_TRUE=''
AMTAR='${SHELL} /Users/Clo/Documents/Fac/M1/S2/TER/wsnet-module/user_models/missing --run tar'
AR='ar'
AUTOCONF='${SHELL} /Users/Clo/Documents/Fac/M1/S2/TER/wsnet-module/user_models/missing --run autoconf'
AUTOHEADER='${SHELL} /Users/Clo/Documents/Fac/M1/S2/TER/wsnet-module/user_models/missing --run autoheader'
AUTOMAKE='${SHELL} /Users/Clo/Documents/Fac/M1/S2/TER/wsnet-module/user_models/missing --run automake-1.11'
AWK='awk'
CC='gcc'
CCDEPMODE='depmode=gcc3'
CFLAGS='-O2 -I/usr/local/wsnet-2.0 '
CPP='gcc -E'
CPPFLAGS=''
CYGPATH_W='echo'
DEFS='-DHAVE_CONFIG_H'
DEPDIR='.deps'
DLLTOOL='false'
DSYMUTIL='dsymutil'
DUMPBIN=''
ECHO_C='\c'
ECHO_N=''
ECHO_T=''
EGREP='/usr/bin/grep -E'
EXEEXT=''
FGREP='/usr/bin/grep -F'
GLIB_FLAGS='-I/usr/local/include/glib-2.0 -I/usr/local/lib/glib-2.0/include  '
GLIB_LIBS='-L/usr/local/lib -lgmodule-2.0 -lglib-2.0 -lintl  '
GREP='/usr/bin/grep'
INSTALL_DATA='${INSTALL} -m 644'
INSTALL_PROGRAM='${INSTALL}'
INSTALL_SCRIPT='${INSTALL}'
INSTALL_STRIP_PROGRAM='$(install_sh) -c -s'
LD='/usr/llvm-gcc-4.2/libexec/gcc/i686-apple-darwin11/4.2.1/ld'
LDFLAGS=''
LIBOBJS=''
LIBS=''
LIBTOOL='$(SHELL) $(top_builddir)/libtool'
LIPO='lipo'
LN_S='ln -s'
LTLIBOBJS=''
MAKEINFO='${SHELL} /Users/Clo/Documents/Fac/M1/S2/TER/wsnet-module/user_models/missing --run makeinfo'
MANIFEST_TOOL=':'
MKDIR_P='./install-sh -c -d'
NM='/usr/bin/nm'
NMEDIT='nmedit'
OBJDUMP='false'
OBJEXT='o'
OTOOL64=':'
OTOOL='otool'
PACKAGE='wsnet'
PACKAGE_BUGREPORT=''
PACKAGE_NAME='wsnet'
PACKAGE_STRING='wsnet 0.7cvs'
PACKAGE_TARNAME='wsnet'
PACKAGE_URL=''
PACKAGE_VERSION='0.7cvs'
PATH_SEPARATOR=':'
PKG_CONFIG='/opt/local/bin/pkg-config'
PKG_CONFIG_DIR=''
RANLIB='ranlib'
SED='/usr/bin/sed'
SET_MAKE=''
SHELL='/bin/sh'
STRIP='strip'
VERSION='0.7cvs'
WSNET_DIR='/usr/local/wsnet-2.0'
ac_ct_AR='ar'
ac_ct_CC='gcc'
ac_ct_DUMPBIN=''
am__EXEEXT_FALSE=''
am__EXEEXT_TRUE='#'
am__fastdepCC_FALSE='#'
am__fastdepCC_TRUE=''
am__include='include'
am__isrc=''
am__leading_dot='.'
am__quote=''
am__tar='${AMTAR} chof - "$$tardir"'
am__untar='${AMTAR} xf -'
bindir='${exec_prefix}/bin'
build='x86_64-apple-darwin11.3.0'
build_alias=''
build_cpu='x86_64'
build_os='darwin11.3.0'
build_vendor='apple'
datadir='${datarootdir}'
datarootdir='${prefix}/share'
docdir='${datarootdir}/doc/${PACKAGE_TARNAME}'
dvidir='${docdir}'
exec_prefix='${prefix}'
host='x86_64-apple-darwin11.3.0'
host_alias=''
host_cpu='x86_64'
host_os='darwin11.3.0'
host_vendor='apple'
htmldir='${docdir}'
includedir='${prefix}/include'
infodir='${datarootdir}/info'
install_sh='${SHELL} /Users/Clo/Documents/Fac/M1/S2/TER/wsnet-module/user_models/install-sh'
libdir='${exec_prefix}/lib'
libexecdir='${exec_prefix}/libexec'
localedir='${datarootdir}/locale'
localstatedir='${prefix}/var'
mandir='${datarootdir}/man'
mkdir_p='$(top_builddir)/./install-sh -c -d'
oldincludedir='/usr/include'
pdfdir='${docdir}'
prefix='/Users/Clo/Documents/Fac/M1/S2/TER/wsnet-module'
program_transform_name='s,x,x,'
psdir='${docdir}'
sbindir='${exec_prefix}/sbin'
sharedstatedir='${prefix}/com'
sysconfdir='${prefix}/etc'
target='x86_64-apple-darwin11.3.0'
target_alias=''
target_cpu='x86_64'
target_os='darwin11.3.0'
target_vendor='apple'

## ----------- ##
## confdefs.h. ##
## ----------- ##

/* confdefs.h */
#define PACKAGE_NAME "wsnet"
#define PACKAGE_TARNAME "wsnet"
#define PACKAGE_VERSION "0.7cvs"
#define PACKAGE_STRING "wsnet 0.7cvs"
#define PACKAGE_BUGREPORT ""
#define PACKAGE_URL ""
#define PACKAGE "wsnet"
#define VERSION "0.7cvs"
#define STDC_HEADERS 1
#define HAVE_SYS_TYPES_H 1
#define HAVE_SYS_STAT_H 1
#define HAVE_STDLIB_H 1
#define HAVE_STRING_H 1
#define HAVE_MEMORY_H 1
#define HAVE_STRINGS_H 1
#define HAVE_INTTYPES_H 1
#define HAVE_STDINT_H 1
#define HAVE_UNISTD_H 1
#define HAVE_DLFCN_H 1
#define LT_OBJDIR ".libs/"

configure: exit 0
