\BOOKMARK [0][-]{chapter.1}{Introduction}{}% 1
\BOOKMARK [1][-]{section.1.1}{Capteurs}{chapter.1}% 2
\BOOKMARK [1][-]{section.1.2}{Caract\351ristiques techniques des capteurs actuels}{chapter.1}% 3
\BOOKMARK [1][-]{section.1.3}{R\351seau de capteurs sans fil \(Wireless sensors network\)}{chapter.1}% 4
\BOOKMARK [2][-]{subsection.1.3.1}{Architecture}{section.1.3}% 5
\BOOKMARK [2][-]{subsection.1.3.2}{Caract\351ristiques}{section.1.3}% 6
\BOOKMARK [2][-]{subsection.1.3.3}{Probl\351matique et D\351fis}{section.1.3}% 7
\BOOKMARK [0][-]{chapter.2}{\311tat de l'art}{}% 8
\BOOKMARK [1][-]{section.2.1}{Mod\351lisation des R\351seaux de Capteurs sans fil}{chapter.2}% 9
\BOOKMARK [2][-]{subsection.2.1.1}{Mod\350le de base}{section.2.1}% 10
\BOOKMARK [2][-]{subsection.2.1.2}{Mod\350le \351nerg\351tique}{section.2.1}% 11
\BOOKMARK [2][-]{subsection.2.1.3}{Initialisation et mise \340 jour d'un capteur}{section.2.1}% 12
\BOOKMARK [2][-]{subsection.2.1.4}{Broadcast}{section.2.1}% 13
\BOOKMARK [1][-]{section.2.2}{Etat de l'Art}{chapter.2}% 14
\BOOKMARK [2][-]{subsection.2.2.1}{Algorithmes sans balisage}{section.2.2}% 15
\BOOKMARK [2][-]{subsection.2.2.2}{Algorthimes globaux}{section.2.2}% 16
\BOOKMARK [2][-]{subsection.2.2.3}{Algorithmes avec balisage}{section.2.2}% 17
\BOOKMARK [2][-]{subsection.2.2.4}{Probalistics}{section.2.2}% 18
\BOOKMARK [2][-]{subsection.2.2.5}{Protocoles}{section.2.2}% 19
\BOOKMARK [2][-]{subsection.2.2.6}{Elements de classification}{section.2.2}% 20
\BOOKMARK [2][-]{subsection.2.2.7}{Synth\350se}{section.2.2}% 21
\BOOKMARK [0][-]{chapter.3}{Analye et reflexion}{}% 22
\BOOKMARK [1][-]{section.3.1}{Reflexions sur la duree de vie}{chapter.3}% 23
\BOOKMARK [2][-]{subsection.3.1.1}{Dur\351e de vie du reseau, probl\351matique}{section.3.1}% 24
\BOOKMARK [2][-]{subsection.3.1.2}{Differentes d\351finitions}{section.3.1}% 25
\BOOKMARK [2][-]{subsection.3.1.3}{Comparatif}{section.3.1}% 26
\BOOKMARK [1][-]{section.3.2}{Nouvelle approche du broadcast}{chapter.3}% 27
\BOOKMARK [0][-]{chapter.4}{Simulations et r\351sultats}{}% 28
\BOOKMARK [0][-]{chapter.5}{Conclusion}{}% 29
